#
# There is insufficient memory for the Java Runtime Environment to continue.
# Cannot create GC thread. Out of system resources.
# Possible reasons:
#   The system is out of physical RAM or swap space
#   The process is running with CompressedOops enabled, and the Java Heap may be blocking the growth of the native heap
# Possible solutions:
#   Reduce memory load on the system
#   Increase physical memory or swap space
#   Check if swap backing store is full
#   Decrease Java heap size (-Xmx/-Xms)
#   Decrease number of Java threads
#   Decrease Java thread stack sizes (-Xss)
#   Set larger code cache with -XX:ReservedCodeCacheSize=
# This output file may be truncated or incomplete.
#
#  Out of Memory Error (gcTaskThread.cpp:48), pid=51675, tid=0x00007f507670a700
#
# JRE version:  (8.0_192-b12) (build )
# Java VM: Java HotSpot(TM) 64-Bit Server VM (25.192-b12 mixed mode linux-amd64 compressed oops)
# Failed to write core dump. Core dumps have been disabled. To enable core dumping, try "ulimit -c unlimited" before starting Java again
#

---------------  T H R E A D  ---------------

Current thread (0x00007f507000a000):  JavaThread "Unknown thread" [_thread_in_vm, id=51692, stack(0x00007f507660a000,0x00007f507670b000)]

Stack: [0x00007f507660a000,0x00007f507670b000],  sp=0x00007f5076709700,  free space=1021k
Native frames: (J=compiled Java code, j=interpreted, Vv=VM code, C=native code)
V  [libjvm.so+0xacf345]  VMError::report_and_die()+0x2c5
V  [libjvm.so+0x4dec17]  report_vm_out_of_memory(char const*, int, unsigned long, VMErrorType, char const*)+0x67
V  [libjvm.so+0x5c18af]  GCTaskThread::GCTaskThread(GCTaskManager*, unsigned int, unsigned int)+0x13f
V  [libjvm.so+0x5c0a7d]  GCTaskManager::initialize()+0x36d
V  [libjvm.so+0x937772]  ParallelScavengeHeap::initialize()+0x3a2
V  [libjvm.so+0xa92faa]  Universe::initialize_heap()+0x16a
V  [libjvm.so+0xa93293]  universe_init()+0x33
V  [libjvm.so+0x62fb40]  init_globals()+0x50
V  [libjvm.so+0xa75a59]  Threads::create_vm(JavaVMInitArgs*, bool*)+0x409
V  [libjvm.so+0x6d544f]  JNI_CreateJavaVM+0x4f
C  [libjli.so+0x7e74]  JavaMain+0x84
C  [libpthread.so.0+0x7aa1]


---------------  P R O C E S S  ---------------

Java Threads: ( => current thread )

Other Threads:

=>0x00007f507000a000 (exited) JavaThread "Unknown thread" [_thread_in_vm, id=51692, stack(0x00007f507660a000,0x00007f507670b000)]

VM state:not at safepoint (not fully initialized)

VM Mutex/Monitor currently owned by a thread: None

heap address: 0x0000000080200000, size: 30718 MB, Compressed Oops mode: Non-zero based:0x00000000801ff000, Oop shift amount: 3
Narrow klass base: 0x0000000000000000, Narrow klass shift: 0

GC Heap History (0 events):
No events

Deoptimization events (0 events):
No events

Classes redefined (0 events):
No events

Internal exceptions (0 events):
No events

Events (0 events):
No events


Dynamic libraries:
00400000-00401000 r-xp 00000000 fd:07 23465305                           /home/grads/mec/jdk1.8.0_192/bin/java
00600000-00601000 r--p 00000000 fd:07 23465305                           /home/grads/mec/jdk1.8.0_192/bin/java
00601000-00602000 rw-p 00001000 fd:07 23465305                           /home/grads/mec/jdk1.8.0_192/bin/java
01406000-01427000 rw-p 00000000 00:00 0                                  [heap]
80200000-d4380000 rw-p 00000000 00:00 0 
d4380000-580100000 ---p 00000000 00:00 0 
580100000-5aa180000 rw-p 00000000 00:00 0 
5aa180000-800000000 ---p 00000000 00:00 0 
3310000000-3310020000 r-xp 00000000 fd:00 1048706                        /lib64/ld-2.12.so
3310220000-3310221000 r--p 00020000 fd:00 1048706                        /lib64/ld-2.12.so
3310221000-3310222000 rw-p 00021000 fd:00 1048706                        /lib64/ld-2.12.so
3310222000-3310223000 rw-p 00000000 00:00 0 
3310400000-331058a000 r-xp 00000000 fd:00 1048770                        /lib64/libc-2.12.so
331058a000-331078a000 ---p 0018a000 fd:00 1048770                        /lib64/libc-2.12.so
331078a000-331078e000 r--p 0018a000 fd:00 1048770                        /lib64/libc-2.12.so
331078e000-3310790000 rw-p 0018e000 fd:00 1048770                        /lib64/libc-2.12.so
3310790000-3310794000 rw-p 00000000 00:00 0 
3310800000-3310817000 r-xp 00000000 fd:00 1048772                        /lib64/libpthread-2.12.so
3310817000-3310a17000 ---p 00017000 fd:00 1048772                        /lib64/libpthread-2.12.so
3310a17000-3310a18000 r--p 00017000 fd:00 1048772                        /lib64/libpthread-2.12.so
3310a18000-3310a19000 rw-p 00018000 fd:00 1048772                        /lib64/libpthread-2.12.so
3310a19000-3310a1d000 rw-p 00000000 00:00 0 
3310c00000-3310c02000 r-xp 00000000 fd:00 1048774                        /lib64/libdl-2.12.so
3310c02000-3310e02000 ---p 00002000 fd:00 1048774                        /lib64/libdl-2.12.so
3310e02000-3310e03000 r--p 00002000 fd:00 1048774                        /lib64/libdl-2.12.so
3310e03000-3310e04000 rw-p 00003000 fd:00 1048774                        /lib64/libdl-2.12.so
3311000000-3311083000 r-xp 00000000 fd:00 1048775                        /lib64/libm-2.12.so
3311083000-3311282000 ---p 00083000 fd:00 1048775                        /lib64/libm-2.12.so
3311282000-3311283000 r--p 00082000 fd:00 1048775                        /lib64/libm-2.12.so
3311283000-3311284000 rw-p 00083000 fd:00 1048775                        /lib64/libm-2.12.so
3311800000-3311807000 r-xp 00000000 fd:00 1048776                        /lib64/librt-2.12.so
3311807000-3311a06000 ---p 00007000 fd:00 1048776                        /lib64/librt-2.12.so
3311a06000-3311a07000 r--p 00006000 fd:00 1048776                        /lib64/librt-2.12.so
3311a07000-3311a08000 rw-p 00007000 fd:00 1048776                        /lib64/librt-2.12.so
7f505894b000-7f5058be0000 rw-p 00000000 00:00 0 
7f5058be0000-7f5058be1000 ---p 00000000 00:00 0 
7f5058be1000-7f5058ce1000 rw-p 00000000 00:00 0 
7f5058ce1000-7f5058ce2000 ---p 00000000 00:00 0 
7f5058ce2000-7f5058de2000 rw-p 00000000 00:00 0 
7f5058de2000-7f5058de3000 ---p 00000000 00:00 0 
7f5058de3000-7f5058ee3000 rw-p 00000000 00:00 0 
7f5058ee3000-7f5058ee4000 ---p 00000000 00:00 0 
7f5058ee4000-7f5058fe4000 rw-p 00000000 00:00 0 
7f5058fe4000-7f5058fe5000 ---p 00000000 00:00 0 
7f5058fe5000-7f50590e5000 rw-p 00000000 00:00 0 
7f50590e5000-7f50590e6000 ---p 00000000 00:00 0 
7f50590e6000-7f50591e6000 rw-p 00000000 00:00 0 
7f50591e6000-7f50591e7000 ---p 00000000 00:00 0 
7f50591e7000-7f50592e7000 rw-p 00000000 00:00 0 
7f50592e7000-7f50592e8000 ---p 00000000 00:00 0 
7f50592e8000-7f50593e8000 rw-p 00000000 00:00 0 
7f50593e8000-7f50593e9000 ---p 00000000 00:00 0 
7f50593e9000-7f50594e9000 rw-p 00000000 00:00 0 
7f50594e9000-7f50594ea000 ---p 00000000 00:00 0 
7f50594ea000-7f50595ea000 rw-p 00000000 00:00 0 
7f50595ea000-7f50595eb000 ---p 00000000 00:00 0 
7f50595eb000-7f50596eb000 rw-p 00000000 00:00 0 
7f50596eb000-7f50596ec000 ---p 00000000 00:00 0 
7f50596ec000-7f50597ec000 rw-p 00000000 00:00 0 
7f50597ec000-7f50597ed000 ---p 00000000 00:00 0 
7f50597ed000-7f50598ed000 rw-p 00000000 00:00 0 
7f50598ed000-7f50598ee000 ---p 00000000 00:00 0 
7f50598ee000-7f50599ee000 rw-p 00000000 00:00 0 
7f50599ee000-7f50599ef000 ---p 00000000 00:00 0 
7f50599ef000-7f5059aef000 rw-p 00000000 00:00 0 
7f5059aef000-7f5059af0000 ---p 00000000 00:00 0 
7f5059af0000-7f5059bf0000 rw-p 00000000 00:00 0 
7f5059bf0000-7f5059bf1000 ---p 00000000 00:00 0 
7f5059bf1000-7f5059cf1000 rw-p 00000000 00:00 0 
7f5059cf1000-7f5059cf2000 ---p 00000000 00:00 0 
7f5059cf2000-7f5059df2000 rw-p 00000000 00:00 0 
7f5059df2000-7f5059df3000 ---p 00000000 00:00 0 
7f5059df3000-7f5059ef3000 rw-p 00000000 00:00 0 
7f5059ef3000-7f5059ef4000 ---p 00000000 00:00 0 
7f5059ef4000-7f5059ff4000 rw-p 00000000 00:00 0 
7f5059ff4000-7f5059ff5000 ---p 00000000 00:00 0 
7f5059ff5000-7f505a0f5000 rw-p 00000000 00:00 0 
7f505a0f5000-7f505a0f6000 ---p 00000000 00:00 0 
7f505a0f6000-7f505a1f6000 rw-p 00000000 00:00 0 
7f505a1f6000-7f505a1f7000 ---p 00000000 00:00 0 
7f505a1f7000-7f505a2f7000 rw-p 00000000 00:00 0 
7f505a2f7000-7f505a2f8000 ---p 00000000 00:00 0 
7f505a2f8000-7f505a3f8000 rw-p 00000000 00:00 0 
7f505a3f8000-7f505a3f9000 ---p 00000000 00:00 0 
7f505a3f9000-7f505a4f9000 rw-p 00000000 00:00 0 
7f505a4f9000-7f505a4fa000 ---p 00000000 00:00 0 
7f505a4fa000-7f505a5fa000 rw-p 00000000 00:00 0 
7f505a5fa000-7f505a5fb000 ---p 00000000 00:00 0 
7f505a5fb000-7f505a6fb000 rw-p 00000000 00:00 0 
7f505a6fb000-7f505a6fc000 ---p 00000000 00:00 0 
7f505a6fc000-7f505a7fc000 rw-p 00000000 00:00 0 
7f505a7fc000-7f505a7fd000 ---p 00000000 00:00 0 
7f505a7fd000-7f505a8fd000 rw-p 00000000 00:00 0 
7f505a8fd000-7f505a8fe000 ---p 00000000 00:00 0 
7f505a8fe000-7f505a9fe000 rw-p 00000000 00:00 0 
7f505a9fe000-7f505a9ff000 ---p 00000000 00:00 0 
7f505a9ff000-7f505aaff000 rw-p 00000000 00:00 0 
7f505aaff000-7f505ab00000 ---p 00000000 00:00 0 
7f505ab00000-7f505aea1000 rw-p 00000000 00:00 0 
7f505aea1000-7f505d400000 ---p 00000000 00:00 0 
7f505d400000-7f505d6a1000 rw-p 00000000 00:00 0 
7f505d6a1000-7f505fbff000 ---p 00000000 00:00 0 
7f505fbff000-7f505fd50000 rw-p 00000000 00:00 0 
7f505fd50000-7f5060fff000 ---p 00000000 00:00 0 
7f5060fff000-7f5061000000 rw-p 00000000 00:00 0 
7f5061000000-7f5061270000 rwxp 00000000 00:00 0 
7f5061270000-7f5070000000 ---p 00000000 00:00 0 
7f5070000000-7f507008c000 rw-p 00000000 00:00 0 
7f507008c000-7f5074000000 ---p 00000000 00:00 0 
7f50740ae000-7f50740af000 ---p 00000000 00:00 0 
7f50740af000-7f50741af000 rw-p 00000000 00:00 0 
7f50741af000-7f50741b0000 ---p 00000000 00:00 0 
7f50741b0000-7f50742b0000 rw-p 00000000 00:00 0 
7f50742b0000-7f50742b1000 ---p 00000000 00:00 0 
7f50742b1000-7f50743b1000 rw-p 00000000 00:00 0 
7f50743b1000-7f50743b2000 ---p 00000000 00:00 0 
7f50743b2000-7f50744b2000 rw-p 00000000 00:00 0 
7f50744b2000-7f50744b3000 ---p 00000000 00:00 0 
7f50744b3000-7f50745b3000 rw-p 00000000 00:00 0 
7f50745b3000-7f50745b4000 ---p 00000000 00:00 0 
7f50745b4000-7f50746b4000 rw-p 00000000 00:00 0 
7f50746b4000-7f50746b5000 ---p 00000000 00:00 0 
7f50746b5000-7f50747b5000 rw-p 00000000 00:00 0 
7f50747b5000-7f50747b6000 ---p 00000000 00:00 0 
7f50747b6000-7f50748b6000 rw-p 00000000 00:00 0 
7f50748b6000-7f50748b7000 ---p 00000000 00:00 0 
7f50748b7000-7f50749b7000 rw-p 00000000 00:00 0 
7f50749b7000-7f50749b8000 ---p 00000000 00:00 0 
7f50749b8000-7f5074ab8000 rw-p 00000000 00:00 0 
7f5074ab8000-7f5074ab9000 ---p 00000000 00:00 0 
7f5074ab9000-7f5074bb9000 rw-p 00000000 00:00 0 
7f5074bb9000-7f5074bba000 ---p 00000000 00:00 0 
7f5074bba000-7f5074cba000 rw-p 00000000 00:00 0 
7f5074cba000-7f5074cbb000 ---p 00000000 00:00 0 
7f5074cbb000-7f5074dbb000 rw-p 00000000 00:00 0 
7f5074dbb000-7f5074dbc000 ---p 00000000 00:00 0 
7f5074dbc000-7f5074ebc000 rw-p 00000000 00:00 0 
7f5074ebc000-7f5074ebd000 ---p 00000000 00:00 0 
7f5074ebd000-7f5074fc7000 rw-p 00000000 00:00 0 
7f5074fc7000-7f507537d000 ---p 00000000 00:00 0 
7f507537d000-7f5075397000 r-xp 00000000 fd:07 23726563                   /home/grads/mec/jdk1.8.0_192/jre/lib/amd64/libzip.so
7f5075397000-7f5075597000 ---p 0001a000 fd:07 23726563                   /home/grads/mec/jdk1.8.0_192/jre/lib/amd64/libzip.so
7f5075597000-7f5075598000 r--p 0001a000 fd:07 23726563                   /home/grads/mec/jdk1.8.0_192/jre/lib/amd64/libzip.so
7f5075598000-7f5075599000 rw-p 0001b000 fd:07 23726563                   /home/grads/mec/jdk1.8.0_192/jre/lib/amd64/libzip.so
7f5075599000-7f5075d9e000 r--s 00000000 fd:04 395748                     /var/lib/sss/mc/passwd
7f5075d9e000-7f5075da6000 r-xp 00000000 fd:00 1048604                    /lib64/libnss_sss.so.2
7f5075da6000-7f5075fa5000 ---p 00008000 fd:00 1048604                    /lib64/libnss_sss.so.2
7f5075fa5000-7f5075fa6000 rw-p 00007000 fd:00 1048604                    /lib64/libnss_sss.so.2
7f5075fa6000-7f5075fb3000 r-xp 00000000 fd:00 1048725                    /lib64/libnss_files-2.12.so
7f5075fb3000-7f50761b2000 ---p 0000d000 fd:00 1048725                    /lib64/libnss_files-2.12.so
7f50761b2000-7f50761b3000 r--p 0000c000 fd:00 1048725                    /lib64/libnss_files-2.12.so
7f50761b3000-7f50761b4000 rw-p 0000d000 fd:00 1048725                    /lib64/libnss_files-2.12.so
7f50761cc000-7f50761f9000 r-xp 00000000 fd:07 23726557                   /home/grads/mec/jdk1.8.0_192/jre/lib/amd64/libjava.so
7f50761f9000-7f50763f8000 ---p 0002d000 fd:07 23726557                   /home/grads/mec/jdk1.8.0_192/jre/lib/amd64/libjava.so
7f50763f8000-7f50763f9000 r--p 0002c000 fd:07 23726557                   /home/grads/mec/jdk1.8.0_192/jre/lib/amd64/libjava.so
7f50763f9000-7f50763fb000 rw-p 0002d000 fd:07 23726557                   /home/grads/mec/jdk1.8.0_192/jre/lib/amd64/libjava.so
7f50763fb000-7f5076408000 r-xp 00000000 fd:07 23726562                   /home/grads/mec/jdk1.8.0_192/jre/lib/amd64/libverify.so
7f5076408000-7f5076607000 ---p 0000d000 fd:07 23726562                   /home/grads/mec/jdk1.8.0_192/jre/lib/amd64/libverify.so
7f5076607000-7f5076609000 r--p 0000c000 fd:07 23726562                   /home/grads/mec/jdk1.8.0_192/jre/lib/amd64/libverify.so
7f5076609000-7f507660a000 rw-p 0000e000 fd:07 23726562                   /home/grads/mec/jdk1.8.0_192/jre/lib/amd64/libverify.so
7f507660a000-7f507660d000 ---p 00000000 00:00 0 
7f507660d000-7f507670b000 rw-p 00000000 00:00 0 
7f507670b000-7f50773ef000 r-xp 00000000 fd:07 23726539                   /home/grads/mec/jdk1.8.0_192/jre/lib/amd64/server/libjvm.so
7f50773ef000-7f50775ee000 ---p 00ce4000 fd:07 23726539                   /home/grads/mec/jdk1.8.0_192/jre/lib/amd64/server/libjvm.so
7f50775ee000-7f5077684000 r--p 00ce3000 fd:07 23726539                   /home/grads/mec/jdk1.8.0_192/jre/lib/amd64/server/libjvm.so
7f5077684000-7f50776b5000 rw-p 00d79000 fd:07 23726539                   /home/grads/mec/jdk1.8.0_192/jre/lib/amd64/server/libjvm.so
7f50776b5000-7f50776f3000 rw-p 00000000 00:00 0 
7f50776f3000-7f507770a000 r-xp 00000000 fd:07 23726215                   /home/grads/mec/jdk1.8.0_192/lib/amd64/jli/libjli.so
7f507770a000-7f5077909000 ---p 00017000 fd:07 23726215                   /home/grads/mec/jdk1.8.0_192/lib/amd64/jli/libjli.so
7f5077909000-7f507790a000 r--p 00016000 fd:07 23726215                   /home/grads/mec/jdk1.8.0_192/lib/amd64/jli/libjli.so
7f507790a000-7f507790b000 rw-p 00017000 fd:07 23726215                   /home/grads/mec/jdk1.8.0_192/lib/amd64/jli/libjli.so
7f507790b000-7f507790c000 rw-p 00000000 00:00 0 
7f5077917000-7f507791a000 rw-p 00000000 00:00 0 
7f507791a000-7f5077922000 rw-s 00000000 fd:0b 3014701                    /tmp/hsperfdata_everett/51675
7f5077922000-7f5077923000 rw-p 00000000 00:00 0 
7f5077923000-7f5077924000 r--p 00000000 00:00 0 
7f5077924000-7f5077925000 rw-p 00000000 00:00 0 
7ffd9faf7000-7ffd9fb0c000 rw-p 00000000 00:00 0                          [stack]
7ffd9fb39000-7ffd9fb3a000 r-xp 00000000 00:00 0                          [vdso]
ffffffffff600000-ffffffffff601000 r-xp 00000000 00:00 0                  [vsyscall]

VM Arguments:
jvm_args: -Dclassworlds.conf=/home/grads/mec/maven/bin/m2.conf -Dmaven.home=/home/grads/mec/maven -Dmaven.multiModuleProjectDirectory=/home/ugrads/everett/CSCI_1302_projects/cs1302-calc 
java_command: org.codehaus.plexus.classworlds.launcher.Launcher compile
java_class_path (initial): /home/grads/mec/maven/boot/plexus-classworlds-2.5.2.jar
Launcher Type: SUN_STANDARD

Environment Variables:
JAVA_HOME=/home/grads/mec/jdk
PATH=/home/grads/mec/maven/bin:/home/grads/mec/jdk/bin:/usr/lib64/qt-3.3/bin:/usr/local/bin:/bin:/usr/bin:/usr/local/sbin:/usr/sbin:/sbin
SHELL=/bin/bash
DISPLAY=localhost:24.0

Signal Handlers:
SIGSEGV: [libjvm.so+0xacfc80], sa_mask[0]=11111111011111111101111111111110, sa_flags=SA_RESTART|SA_SIGINFO
SIGBUS: [libjvm.so+0xacfc80], sa_mask[0]=11111111011111111101111111111110, sa_flags=SA_RESTART|SA_SIGINFO
SIGFPE: [libjvm.so+0x9088c0], sa_mask[0]=11111111011111111101111111111110, sa_flags=SA_RESTART|SA_SIGINFO
SIGPIPE: [libjvm.so+0x9088c0], sa_mask[0]=11111111011111111101111111111110, sa_flags=SA_RESTART|SA_SIGINFO
SIGXFSZ: [libjvm.so+0x9088c0], sa_mask[0]=11111111011111111101111111111110, sa_flags=SA_RESTART|SA_SIGINFO
SIGILL: [libjvm.so+0x9088c0], sa_mask[0]=11111111011111111101111111111110, sa_flags=SA_RESTART|SA_SIGINFO
SIGUSR1: SIG_DFL, sa_mask[0]=00000000000000000000000000000000, sa_flags=none
SIGUSR2: [libjvm.so+0x908790], sa_mask[0]=00000000000000000000000000000000, sa_flags=SA_RESTART|SA_SIGINFO
SIGHUP: SIG_DFL, sa_mask[0]=00000000000000000000000000000000, sa_flags=none
SIGINT: SIG_DFL, sa_mask[0]=00000000000000000000000000000000, sa_flags=none
SIGTERM: SIG_DFL, sa_mask[0]=00000000000000000000000000000000, sa_flags=none
SIGQUIT: SIG_DFL, sa_mask[0]=00000000000000000000000000000000, sa_flags=none


---------------  S Y S T E M  ---------------

OS:Red Hat Enterprise Linux Server release 6.10 (Santiago)

uname:Linux 2.6.32-696.23.1.el6.x86_64 #1 SMP Sat Feb 10 11:10:31 EST 2018 x86_64
libc:glibc 2.12 NPTL 2.12 
rlimit: STACK 10240k, CORE 0k, NPROC 300, NOFILE 4096, AS infinity
load average:1.06 0.66 0.68

/proc/meminfo:
MemTotal:       132138524 kB
MemFree:        42994212 kB
Buffers:        15676468 kB
Cached:         25360076 kB
SwapCached:        40808 kB
Active:         21161512 kB
Inactive:       30127536 kB
Active(anon):    9026864 kB
Inactive(anon):  1235548 kB
Active(file):   12134648 kB
Inactive(file): 28891988 kB
Unevictable:           0 kB
Mlocked:               0 kB
SwapTotal:      134381564 kB
SwapFree:       118336980 kB
Dirty:              1060 kB
Writeback:             0 kB
AnonPages:      10210360 kB
Mapped:            92844 kB
Shmem:              9840 kB
Slab:           36618496 kB
SReclaimable:   36419304 kB
SUnreclaim:       199192 kB
KernelStack:       40928 kB
PageTables:       179372 kB
NFS_Unstable:          0 kB
Bounce:                0 kB
WritebackTmp:          0 kB
CommitLimit:    200450824 kB
Committed_AS:   39926432 kB
VmallocTotal:   34359738367 kB
VmallocUsed:      531480 kB
VmallocChunk:   34359052540 kB
HardwareCorrupted:     0 kB
AnonHugePages:   8714240 kB
HugePages_Total:       0
HugePages_Free:        0
HugePages_Rsvd:        0
HugePages_Surp:        0
Hugepagesize:       2048 kB
DirectMap4k:        5344 kB
DirectMap2M:     2078720 kB
DirectMap1G:    132120576 kB

container (cgroup) information:
container_type: cgroupv1
cpu_cpuset_cpus: 0-79
cpu_memory_nodes: 0
active_processor_count: 80
cpu_quota: 0
cpu_period: 0
cpu_shares: -1
memory_limit_in_bytes: -1
memory_and_swap_limit_in_bytes: -1
memory_soft_limit_in_bytes: -1
memory_usage_in_bytes: 52521783296
memory_max_usage_in_bytes: 0


CPU:total 80 (initial active 80) (10 cores per cpu, 2 threads per core) family 6 model 47 stepping 2, cmov, cx8, fxsr, mmx, sse, sse2, sse3, ssse3, sse4.1, sse4.2, popcnt, aes, clmul, ht, tsc, tscinvbit

/proc/cpuinfo:
processor	: 0
vendor_id	: GenuineIntel
cpu family	: 6
model		: 47
model name	: Intel(R) Xeon(R) CPU E7- 4870  @ 2.40GHz
stepping	: 2
microcode	: 55
cpu MHz		: 2394.174
cache size	: 30720 KB
physical id	: 0
siblings	: 20
core id		: 0
cpu cores	: 10
apicid		: 0
initial apicid	: 0
fpu		: yes
fpu_exception	: yes
cpuid level	: 11
wp		: yes
flags		: fpu vme de pse tsc msr pae mce cx8 apic sep mtrr pge mca cmov pat pse36 clflush dts acpi mmx fxsr sse sse2 ss ht tm pbe syscall nx pdpe1gb rdtscp lm constant_tsc arch_perfmon pebs bts rep_good xtopology nonstop_tsc aperfmperf pni pclmulqdq dtes64 monitor ds_cpl vmx smx est tm2 ssse3 cx16 xtpr pdcm pcid dca sse4_1 sse4_2 x2apic popcnt aes lahf_lm ida arat dtherm pti retpoline tpr_shadow vnmi flexpriority ept vpid
bogomips	: 4788.34
clflush size	: 64
cache_alignment	: 64
address sizes	: 44 bits physical, 48 bits virtual
power management:

processor	: 1
vendor_id	: GenuineIntel
cpu family	: 6
model		: 47
model name	: Intel(R) Xeon(R) CPU E7- 4870  @ 2.40GHz
stepping	: 2
microcode	: 55
cpu MHz		: 2394.174
cache size	: 30720 KB
physical id	: 1
siblings	: 20
core id		: 0
cpu cores	: 10
apicid		: 64
initial apicid	: 64
fpu		: yes
fpu_exception	: yes
cpuid level	: 11
wp		: yes
flags		: fpu vme de pse tsc msr pae mce cx8 apic sep mtrr pge mca cmov pat pse36 clflush dts acpi mmx fxsr sse sse2 ss ht tm pbe syscall nx pdpe1gb rdtscp lm constant_tsc arch_perfmon pebs bts rep_good xtopology nonstop_tsc aperfmperf pni pclmulqdq dtes64 monitor ds_cpl vmx smx est tm2 ssse3 cx16 xtpr pdcm pcid dca sse4_1 sse4_2 x2apic popcnt aes lahf_lm ida arat dtherm pti retpoline tpr_shadow vnmi flexpriority ept vpid
bogomips	: 4787.89
clflush size	: 64
cache_alignment	: 64
address sizes	: 44 bits physical, 48 bits virtual
power management:

processor	: 2
vendor_id	: GenuineIntel
cpu family	: 6
model		: 47
model name	: Intel(R) Xeon(R) CPU E7- 4870  @ 2.40GHz
stepping	: 2
microcode	: 55
cpu MHz		: 2394.174
cache size	: 30720 KB
physical id	: 2
siblings	: 20
core id		: 0
cpu cores	: 10
apicid		: 128
initial apicid	: 128
fpu		: yes
fpu_exception	: yes
cpuid level	: 11
wp		: yes
flags		: fpu vme de pse tsc msr pae mce cx8 apic sep mtrr pge mca cmov pat pse36 clflush dts acpi mmx fxsr sse sse2 ss ht tm pbe syscall nx pdpe1gb rdtscp lm constant_tsc arch_perfmon pebs bts rep_good xtopology nonstop_tsc aperfmperf pni pclmulqdq dtes64 monitor ds_cpl vmx smx est tm2 ssse3 cx16 xtpr pdcm pcid dca sse4_1 sse4_2 x2apic popcnt aes lahf_lm ida arat dtherm pti retpoline tpr_shadow vnmi flexpriority ept vpid
bogomips	: 4787.88
clflush size	: 64
cache_alignment	: 64
address sizes	: 44 bits physical, 48 bits virtual
power management:

processor	: 3
vendor_id	: GenuineIntel
cpu family	: 6
model		: 47
model name	: Intel(R) Xeon(R) CPU E7- 4870  @ 2.40GHz
stepping	: 2
microcode	: 55
cpu MHz		: 2394.174
cache size	: 30720 KB
physical id	: 3
siblings	: 20
core id		: 0
cpu cores	: 10
apicid		: 192
initial apicid	: 192
fpu		: yes
fpu_exception	: yes
cpuid level	: 11
wp		: yes
flags		: fpu vme de pse tsc msr pae mce cx8 apic sep mtrr pge mca cmov pat pse36 clflush dts acpi mmx fxsr sse sse2 ss ht tm pbe syscall nx pdpe1gb rdtscp lm constant_tsc arch_perfmon pebs bts rep_good xtopology nonstop_tsc aperfmperf pni pclmulqdq dtes64 monitor ds_cpl vmx smx est tm2 ssse3 cx16 xtpr pdcm pcid dca sse4_1 sse4_2 x2apic popcnt aes lahf_lm ida arat dtherm pti retpoline tpr_shadow vnmi flexpriority ept vpid
bogomips	: 4787.88
clflush size	: 64
cache_alignment	: 64
address sizes	: 44 bits physical, 48 bits virtual
power management:

processor	: 4
vendor_id	: GenuineIntel
cpu family	: 6
model		: 47
model name	: Intel(R) Xeon(R) CPU E7- 4870  @ 2.40GHz
stepping	: 2
microcode	: 55
cpu MHz		: 2394.174
cache size	: 30720 KB
physical id	: 0
siblings	: 20
core id		: 1
cpu cores	: 10
apicid		: 2
initial apicid	: 2
fpu		: yes
fpu_exception	: yes
cpuid level	: 11
wp		: yes
flags		: fpu vme de pse tsc msr pae mce cx8 apic sep mtrr pge mca cmov pat pse36 clflush dts acpi mmx fxsr sse sse2 ss ht tm pbe syscall nx pdpe1gb rdtscp lm constant_tsc arch_perfmon pebs bts rep_good xtopology nonstop_tsc aperfmperf pni pclmulqdq dtes64 monitor ds_cpl vmx smx est tm2 ssse3 cx16 xtpr pdcm pcid dca sse4_1 sse4_2 x2apic popcnt aes lahf_lm ida arat dtherm pti retpoline tpr_shadow vnmi flexpriority ept vpid
bogomips	: 4788.34
clflush size	: 64
cache_alignment	: 64
address sizes	: 44 bits physical, 48 bits virtual
power management:

processor	: 5
vendor_id	: GenuineIntel
cpu family	: 6
model		: 47
model name	: Intel(R) Xeon(R) CPU E7- 4870  @ 2.40GHz
stepping	: 2
microcode	: 55
cpu MHz		: 2394.174
cache size	: 30720 KB
physical id	: 1
siblings	: 20
core id		: 1
cpu cores	: 10
apicid		: 66
initial apicid	: 66
fpu		: yes
fpu_exception	: yes
cpuid level	: 11
wp		: yes
flags		: fpu vme de pse tsc msr pae mce cx8 apic sep mtrr pge mca cmov pat pse36 clflush dts acpi mmx fxsr sse sse2 ss ht tm pbe syscall nx pdpe1gb rdtscp lm constant_tsc arch_perfmon pebs bts rep_good xtopology nonstop_tsc aperfmperf pni pclmulqdq dtes64 monitor ds_cpl vmx smx est tm2 ssse3 cx16 xtpr pdcm pcid dca sse4_1 sse4_2 x2apic popcnt aes lahf_lm ida arat dtherm pti retpoline tpr_shadow vnmi flexpriority ept vpid
bogomips	: 4787.89
clflush size	: 64
cache_alignment	: 64
address sizes	: 44 bits physical, 48 bits virtual
power management:

processor	: 6
vendor_id	: GenuineIntel
cpu family	: 6
model		: 47
model name	: Intel(R) Xeon(R) CPU E7- 4870  @ 2.40GHz
stepping	: 2
microcode	: 55
cpu MHz		: 2394.174
cache size	: 30720 KB
physical id	: 2
siblings	: 20
core id		: 1
cpu cores	: 10
apicid		: 130
initial apicid	: 130
fpu		: yes
fpu_exception	: yes
cpuid level	: 11
wp		: yes
flags		: fpu vme de pse tsc msr pae mce cx8 apic sep mtrr pge mca cmov pat pse36 clflush dts acpi mmx fxsr sse sse2 ss ht tm pbe syscall nx pdpe1gb rdtscp lm constant_tsc arch_perfmon pebs bts rep_good xtopology nonstop_tsc aperfmperf pni pclmulqdq dtes64 monitor ds_cpl vmx smx est tm2 ssse3 cx16 xtpr pdcm pcid dca sse4_1 sse4_2 x2apic popcnt aes lahf_lm ida arat dtherm pti retpoline tpr_shadow vnmi flexpriority ept vpid
bogomips	: 4787.88
clflush size	: 64
cache_alignment	: 64
address sizes	: 44 bits physical, 48 bits virtual
power management:

processor	: 7
vendor_id	: GenuineIntel
cpu family	: 6
model		: 47
model name	: Intel(R) Xeon(R) CPU E7- 4870  @ 2.40GHz
stepping	: 2
microcode	: 55
cpu MHz		: 2394.174
cache size	: 30720 KB
physical id	: 3
siblings	: 20
core id		: 1
cpu cores	: 10
apicid		: 194
initial apicid	: 194
fpu		: yes
fpu_exception	: yes
cpuid level	: 11
wp		: yes
flags		: fpu vme de pse tsc msr pae mce cx8 apic sep mtrr pge mca cmov pat pse36 clflush dts acpi mmx fxsr sse sse2 ss ht tm pbe syscall nx pdpe1gb rdtscp lm constant_tsc arch_perfmon pebs bts rep_good xtopology nonstop_tsc aperfmperf pni pclmulqdq dtes64 monitor ds_cpl vmx smx est tm2 ssse3 cx16 xtpr pdcm pcid dca sse4_1 sse4_2 x2apic popcnt aes lahf_lm ida arat dtherm pti retpoline tpr_shadow vnmi flexpriority ept vpid
bogomips	: 4787.88
clflush size	: 64
cache_alignment	: 64
address sizes	: 44 bits physical, 48 bits virtual
power management:

processor	: 8
vendor_id	: GenuineIntel
cpu family	: 6
model		: 47
model name	: Intel(R) Xeon(R) CPU E7- 4870  @ 2.40GHz
stepping	: 2
microcode	: 55
cpu MHz		: 2394.174
cache size	: 30720 KB
physical id	: 0
siblings	: 20
core id		: 2
cpu cores	: 10
apicid		: 4
initial apicid	: 4
fpu		: yes
fpu_exception	: yes
cpuid level	: 11
wp		: yes
flags		: fpu vme de pse tsc msr pae mce cx8 apic sep mtrr pge mca cmov pat pse36 clflush dts acpi mmx fxsr sse sse2 ss ht tm pbe syscall nx pdpe1gb rdtscp lm constant_tsc arch_perfmon pebs bts rep_good xtopology nonstop_tsc aperfmperf pni pclmulqdq dtes64 monitor ds_cpl vmx smx est tm2 ssse3 cx16 xtpr pdcm pcid dca sse4_1 sse4_2 x2apic popcnt aes lahf_lm ida arat dtherm pti retpoline tpr_shadow vnmi flexpriority ept vpid
bogomips	: 4788.34
clflush size	: 64
cache_alignment	: 64
address sizes	: 44 bits physical, 48 bits virtual
power management:

processor	: 9
vendor_id	: GenuineIntel
cpu family	: 6
model		: 47
model name	: Intel(R) Xeon(R) CPU E7- 4870  @ 2.40GHz
stepping	: 2
microcode	: 55
cpu MHz		: 2394.174
cache size	: 30720 KB
physical id	: 1
siblings	: 20
core id		: 2
cpu cores	: 10
apicid		: 68
initial apicid	: 68
fpu		: yes
fpu_exception	: yes
cpuid level	: 11
wp		: yes
flags		: fpu vme de pse tsc msr pae mce cx8 apic sep mtrr pge mca cmov pat pse36 clflush dts acpi mmx fxsr sse sse2 ss ht tm pbe syscall nx pdpe1gb rdtscp lm constant_tsc arch_perfmon pebs bts rep_good xtopology nonstop_tsc aperfmperf pni pclmulqdq dtes64 monitor ds_cpl vmx smx est tm2 ssse3 cx16 xtpr pdcm pcid dca sse4_1 sse4_2 x2apic popcnt aes lahf_lm ida arat dtherm pti retpoline tpr_shadow vnmi flexpriority ept vpid
bogomips	: 4787.89
clflush size	: 64
cache_alignment	: 64
address sizes	: 44 bits physical, 48 bits virtual
power management:

processor	: 10
vendor_id	: GenuineIntel
cpu family	: 6
model		: 47
model name	: Intel(R) Xeon(R) CPU E7- 4870  @ 2.40GHz
stepping	: 2
microcode	: 55
cpu MHz		: 2394.174
cache size	: 30720 KB
physical id	: 2
siblings	: 20
core id		: 2
cpu cores	: 10
apicid		: 132
initial apicid	: 132
fpu		: yes
fpu_exception	: yes
cpuid level	: 11
wp		: yes
flags		: fpu vme de pse tsc msr pae mce cx8 apic sep mtrr pge mca cmov pat pse36 clflush dts acpi mmx fxsr sse sse2 ss ht tm pbe syscall nx pdpe1gb rdtscp lm constant_tsc arch_perfmon pebs bts rep_good xtopology nonstop_tsc aperfmperf pni pclmulqdq dtes64 monitor ds_cpl vmx smx est tm2 ssse3 cx16 xtpr pdcm pcid dca sse4_1 sse4_2 x2apic popcnt aes lahf_lm ida arat dtherm pti retpoline tpr_shadow vnmi flexpriority ept vpid
bogomips	: 4787.88
clflush size	: 64
cache_alignment	: 64
address sizes	: 44 bits physical, 48 bits virtual
power management:

processor	: 11
vendor_id	: GenuineIntel
cpu family	: 6
model		: 47
model name	: Intel(R) Xeon(R) CPU E7- 4870  @ 2.40GHz
stepping	: 2
microcode	: 55
cpu MHz		: 2394.174
cache size	: 30720 KB
physical id	: 3
siblings	: 20
core id		: 2
cpu cores	: 10
apicid		: 196
initial apicid	: 196
fpu		: yes
fpu_exception	: yes
cpuid level	: 11
wp		: yes
flags		: fpu vme de pse tsc msr pae mce cx8 apic sep mtrr pge mca cmov pat pse36 clflush dts acpi mmx fxsr sse sse2 ss ht tm pbe syscall nx pdpe1gb rdtscp lm constant_tsc arch_perfmon pebs bts rep_good xtopology nonstop_tsc aperfmperf pni pclmulqdq dtes64 monitor ds_cpl vmx smx est tm2 ssse3 cx16 xtpr pdcm pcid dca sse4_1 sse4_2 x2apic popcnt aes lahf_lm ida arat dtherm pti retpoline tpr_shadow vnmi flexpriority ept vpid
bogomips	: 4787.88
clflush size	: 64
cache_alignment	: 64
address sizes	: 44 bits physical, 48 bits virtual
power management:

processor	: 12
vendor_id	: GenuineIntel
cpu family	: 6
model		: 47
model name	: Intel(R) Xeon(R) CPU E7- 4870  @ 2.40GHz
stepping	: 2
microcode	: 55
cpu MHz		: 2394.174
cache size	: 30720 KB
physical id	: 0
siblings	: 20
core id		: 8
cpu cores	: 10
apicid		: 16
initial apicid	: 16
fpu		: yes
fpu_exception	: yes
cpuid level	: 11
wp		: yes
flags		: fpu vme de pse tsc msr pae mce cx8 apic sep mtrr pge mca cmov pat pse36 clflush dts acpi mmx fxsr sse sse2 ss ht tm pbe syscall nx pdpe1gb rdtscp lm constant_tsc arch_perfmon pebs bts rep_good xtopology nonstop_tsc aperfmperf pni pclmulqdq dtes64 monitor ds_cpl vmx smx est tm2 ssse3 cx16 xtpr pdcm pcid dca sse4_1 sse4_2 x2apic popcnt aes lahf_lm ida arat dtherm pti retpoline tpr_shadow vnmi flexpriority ept vpid
bogomips	: 4788.34
clflush size	: 64
cache_alignment	: 64
address sizes	: 44 bits physical, 48 bits virtual
power management:

processor	: 13
vendor_id	: GenuineIntel
cpu family	: 6
model		: 47
model name	: Intel(R) Xeon(R) CPU E7- 4870  @ 2.40GHz
stepping	: 2
microcode	: 55
cpu MHz		: 2394.174
cache size	: 30720 KB
physical id	: 1
siblings	: 20
core id		: 8
cpu cores	: 10
apicid		: 80
initial apicid	: 80
fpu		: yes
fpu_exception	: yes
cpuid level	: 11
wp		: yes
flags		: fpu vme de pse tsc msr pae mce cx8 apic sep mtrr pge mca cmov pat pse36 clflush dts acpi mmx fxsr sse sse2 ss ht tm pbe syscall nx pdpe1gb rdtscp lm constant_tsc arch_perfmon pebs bts rep_good xtopology nonstop_tsc aperfmperf pni pclmulqdq dtes64 monitor ds_cpl vmx smx est tm2 ssse3 cx16 xtpr pdcm pcid dca sse4_1 sse4_2 x2apic popcnt aes lahf_lm ida arat dtherm pti retpoline tpr_shadow vnmi flexpriority ept vpid
bogomips	: 4787.89
clflush size	: 64
cache_alignment	: 64
address sizes	: 44 bits physical, 48 bits virtual
power management:

processor	: 14
vendor_id	: GenuineIntel
cpu family	: 6
model		: 47
model name	: Intel(R) Xeon(R) CPU E7- 4870  @ 2.40GHz
stepping	: 2
microcode	: 55
cpu MHz		: 2394.174
cache size	: 30720 KB
physical id	: 2
siblings	: 20
core id		: 8
cpu cores	: 10
apicid		: 144
initial apicid	: 144
fpu		: yes
fpu_exception	: yes
cpuid level	: 11
wp		: yes
flags		: fpu vme de pse tsc msr pae mce cx8 apic sep mtrr pge mca cmov pat pse36 clflush dts acpi mmx fxsr sse sse2 ss ht tm pbe syscall nx pdpe1gb rdtscp lm constant_tsc arch_perfmon pebs bts rep_good xtopology nonstop_tsc aperfmperf pni pclmulqdq dtes64 monitor ds_cpl vmx smx est tm2 ssse3 cx16 xtpr pdcm pcid dca sse4_1 sse4_2 x2apic popcnt aes lahf_lm ida arat dtherm pti retpoline tpr_shadow vnmi flexpriority ept vpid
bogomips	: 4787.88
clflush size	: 64
cache_alignment	: 64
address sizes	: 44 bits physical, 48 bits virtual
power management:

processor	: 15
vendor_id	: GenuineIntel
cpu family	: 6
model		: 47
model name	: Intel(R) Xeon(R) CPU E7- 4870  @ 2.40GHz
stepping	: 2
microcode	: 55
cpu MHz		: 2394.174
cache size	: 30720 KB
physical id	: 3
siblings	: 20
core id		: 8
cpu cores	: 10
apicid		: 208
initial apicid	: 208
fpu		: yes
fpu_exception	: yes
cpuid level	: 11
wp		: yes
flags		: fpu vme de pse tsc msr pae mce cx8 apic sep mtrr pge mca cmov pat pse36 clflush dts acpi mmx fxsr sse sse2 ss ht tm pbe syscall nx pdpe1gb rdtscp lm constant_tsc arch_perfmon pebs bts rep_good xtopology nonstop_tsc aperfmperf pni pclmulqdq dtes64 monitor ds_cpl vmx smx est tm2 ssse3 cx16 xtpr pdcm pcid dca sse4_1 sse4_2 x2apic popcnt aes lahf_lm ida arat dtherm pti retpoline tpr_shadow vnmi flexpriority ept vpid
bogomips	: 4787.88
clflush size	: 64
cache_alignment	: 64
address sizes	: 44 bits physical, 48 bits virtual
power management:

processor	: 16
vendor_id	: GenuineIntel
cpu family	: 6
model		: 47
model name	: Intel(R) Xeon(R) CPU E7- 4870  @ 2.40GHz
stepping	: 2
microcode	: 55
cpu MHz		: 2394.174
cache size	: 30720 KB
physical id	: 0
siblings	: 20
core id		: 9
cpu cores	: 10
apicid		: 18
initial apicid	: 18
fpu		: yes
fpu_exception	: yes
cpuid level	: 11
wp		: yes
flags		: fpu vme de pse tsc msr pae mce cx8 apic sep mtrr pge mca cmov pat pse36 clflush dts acpi mmx fxsr sse sse2 ss ht tm pbe syscall nx pdpe1gb rdtscp lm constant_tsc arch_perfmon pebs bts rep_good xtopology nonstop_tsc aperfmperf pni pclmulqdq dtes64 monitor ds_cpl vmx smx est tm2 ssse3 cx16 xtpr pdcm pcid dca sse4_1 sse4_2 x2apic popcnt aes lahf_lm ida arat dtherm pti retpoline tpr_shadow vnmi flexpriority ept vpid
bogomips	: 4788.34
clflush size	: 64
cache_alignment	: 64
address sizes	: 44 bits physical, 48 bits virtual
power management:

processor	: 17
vendor_id	: GenuineIntel
cpu family	: 6
model		: 47
model name	: Intel(R) Xeon(R) CPU E7- 4870  @ 2.40GHz
stepping	: 2
microcode	: 55
cpu MHz		: 2394.174
cache size	: 30720 KB
physical id	: 1
siblings	: 20
core id		: 9
cpu cores	: 10
apicid		: 82
initial apicid	: 82
fpu		: yes
fpu_exception	: yes
cpuid level	: 11
wp		: yes
flags		: fpu vme de pse tsc msr pae mce cx8 apic sep mtrr pge mca cmov pat pse36 clflush dts acpi mmx fxsr sse sse2 ss ht tm pbe syscall nx pdpe1gb rdtscp lm constant_tsc arch_perfmon pebs bts rep_good xtopology nonstop_tsc aperfmperf pni pclmulqdq dtes64 monitor ds_cpl vmx smx est tm2 ssse3 cx16 xtpr pdcm pcid dca sse4_1 sse4_2 x2apic popcnt aes lahf_lm ida arat dtherm pti retpoline tpr_shadow vnmi flexpriority ept vpid
bogomips	: 4787.89
clflush size	: 64
cache_alignment	: 64
address sizes	: 44 bits physical, 48 bits virtual
power management:

processor	: 18
vendor_id	: GenuineIntel
cpu family	: 6
model		: 47
model name	: Intel(R) Xeon(R) CPU E7- 4870  @ 2.40GHz
stepping	: 2
microcode	: 55
cpu MHz		: 2394.174
cache size	: 30720 KB
physical id	: 2
siblings	: 20
core id		: 9
cpu cores	: 10
apicid		: 146
initial apicid	: 146
fpu		: yes
fpu_exception	: yes
cpuid level	: 11
wp		: yes
flags		: fpu vme de pse tsc msr pae mce cx8 apic sep mtrr pge mca cmov pat pse36 clflush dts acpi mmx fxsr sse sse2 ss ht tm pbe syscall nx pdpe1gb rdtscp lm constant_tsc arch_perfmon pebs bts rep_good xtopology nonstop_tsc aperfmperf pni pclmulqdq dtes64 monitor ds_cpl vmx smx est tm2 ssse3 cx16 xtpr pdcm pcid dca sse4_1 sse4_2 x2apic popcnt aes lahf_lm ida arat dtherm pti retpoline tpr_shadow vnmi flexpriority ept vpid
bogomips	: 4787.88
clflush size	: 64
cache_alignment	: 64
address sizes	: 44 bits physical, 48 bits virtual
power management:

processor	: 19
vendor_id	: GenuineIntel
cpu family	: 6
model		: 47
model name	: Intel(R) Xeon(R) CPU E7- 4870  @ 2.40GHz
stepping	: 2
microcode	: 55
cpu MHz		: 2394.174
cache size	: 30720 KB
physical id	: 3
siblings	: 20
core id		: 9
cpu cores	: 10
apicid		: 210
initial apicid	: 210
fpu		: yes
fpu_exception	: yes
cpuid level	: 11
wp		: yes
flags		: fpu vme de pse tsc msr pae mce cx8 apic sep mtrr pge mca cmov pat pse36 clflush dts acpi mmx fxsr sse sse2 ss ht tm pbe syscall nx pdpe1gb rdtscp lm constant_tsc arch_perfmon pebs bts rep_good xtopology nonstop_tsc aperfmperf pni pclmulqdq dtes64 monitor ds_cpl vmx smx est tm2 ssse3 cx16 xtpr pdcm pcid dca sse4_1 sse4_2 x2apic popcnt aes lahf_lm ida arat dtherm pti retpoline tpr_shadow vnmi flexpriority ept vpid
bogomips	: 4787.88
clflush size	: 64
cache_alignment	: 64
address sizes	: 44 bits physical, 48 bits virtual
power management:

processor	: 20
vendor_id	: GenuineIntel
cpu family	: 6
model		: 47
model name	: Intel(R) Xeon(R) CPU E7- 4870  @ 2.40GHz
stepping	: 2
microcode	: 55
cpu MHz		: 2394.174
cache size	: 30720 KB
physical id	: 0
siblings	: 20
core id		: 16
cpu cores	: 10
apicid		: 32
initial apicid	: 32
fpu		: yes
fpu_exception	: yes
cpuid level	: 11
wp		: yes
flags		: fpu vme de pse tsc msr pae mce cx8 apic sep mtrr pge mca cmov pat pse36 clflush dts acpi mmx fxsr sse sse2 ss ht tm pbe syscall nx pdpe1gb rdtscp lm constant_tsc arch_perfmon pebs bts rep_good xtopology nonstop_tsc aperfmperf pni pclmulqdq dtes64 monitor ds_cpl vmx smx est tm2 ssse3 cx16 xtpr pdcm pcid dca sse4_1 sse4_2 x2apic popcnt aes lahf_lm ida arat dtherm pti retpoline tpr_shadow vnmi flexpriority ept vpid
bogomips	: 4788.34
clflush size	: 64
cache_alignment	: 64
address sizes	: 44 bits physical, 48 bits virtual
power management:

processor	: 21
vendor_id	: GenuineIntel
cpu family	: 6
model		: 47
model name	: Intel(R) Xeon(R) CPU E7- 4870  @ 2.40GHz
stepping	: 2
microcode	: 55
cpu MHz		: 2394.174
cache size	: 30720 KB
physical id	: 1
siblings	: 20
core id		: 16
cpu cores	: 10
apicid		: 96
initial apicid	: 96
fpu		: yes
fpu_exception	: yes
cpuid level	: 11
wp		: yes
flags		: fpu vme de pse tsc msr pae mce cx8 apic sep mtrr pge mca cmov pat pse36 clflush dts acpi mmx fxsr sse sse2 ss ht tm pbe syscall nx pdpe1gb rdtscp lm constant_tsc arch_perfmon pebs bts rep_good xtopology nonstop_tsc aperfmperf pni pclmulqdq dtes64 monitor ds_cpl vmx smx est tm2 ssse3 cx16 xtpr pdcm pcid dca sse4_1 sse4_2 x2apic popcnt aes lahf_lm ida arat dtherm pti retpoline tpr_shadow vnmi flexpriority ept vpid
bogomips	: 4787.89
clflush size	: 64
cache_alignment	: 64
address sizes	: 44 bits physical, 48 bits virtual
power management:

processor	: 22
vendor_id	: GenuineIntel
cpu family	: 6
model		: 47
model name	: Intel(R) Xeon(R) CPU E7- 4870  @ 2.40GHz
stepping	: 2
microcode	: 55
cpu MHz		: 2394.174
cache size	: 30720 KB
physical id	: 2
siblings	: 20
core id		: 16
cpu cores	: 10
apicid		: 160
initial apicid	: 160
fpu		: yes
fpu_exception	: yes
cpuid level	: 11
wp		: yes
flags		: fpu vme de pse tsc msr pae mce cx8 apic sep mtrr pge mca cmov pat pse36 clflush dts acpi mmx fxsr sse sse2 ss ht tm pbe syscall nx pdpe1gb rdtscp lm constant_tsc arch_perfmon pebs bts rep_good xtopology nonstop_tsc aperfmperf pni pclmulqdq dtes64 monitor ds_cpl vmx smx est tm2 ssse3 cx16 xtpr pdcm pcid dca sse4_1 sse4_2 x2apic popcnt aes lahf_lm ida arat dtherm pti retpoline tpr_shadow vnmi flexpriority ept vpid
bogomips	: 4787.88
clflush size	: 64
cache_alignment	: 64
address sizes	: 44 bits physical, 48 bits virtual
power management:

processor	: 23
vendor_id	: GenuineIntel
cpu family	: 6
model		: 47
model name	: Intel(R) Xeon(R) CPU E7- 4870  @ 2.40GHz
stepping	: 2
microcode	: 55
cpu MHz		: 2394.174
cache size	: 30720 KB
physical id	: 3
siblings	: 20
core id		: 16
cpu cores	: 10
apicid		: 224
initial apicid	: 224
fpu		: yes
fpu_exception	: yes
cpuid level	: 11
wp		: yes
flags		: fpu vme de pse tsc msr pae mce cx8 apic sep mtrr pge mca cmov pat pse36 clflush dts acpi mmx fxsr sse sse2 ss ht tm pbe syscall nx pdpe1gb rdtscp lm constant_tsc arch_perfmon pebs bts rep_good xtopology nonstop_tsc aperfmperf pni pclmulqdq dtes64 monitor ds_cpl vmx smx est tm2 ssse3 cx16 xtpr pdcm pcid dca sse4_1 sse4_2 x2apic popcnt aes lahf_lm ida arat dtherm pti retpoline tpr_shadow vnmi flexpriority ept vpid
bogomips	: 4787.88
clflush size	: 64
cache_alignment	: 64
address sizes	: 44 bits physical, 48 bits virtual
power management:

processor	: 24
vendor_id	: GenuineIntel
cpu family	: 6
model		: 47
model name	: Intel(R) Xeon(R) CPU E7- 4870  @ 2.40GHz
stepping	: 2
microcode	: 55
cpu MHz		: 2394.174
cache size	: 30720 KB
physical id	: 0
siblings	: 20
core id		: 17
cpu cores	: 10
apicid		: 34
initial apicid	: 34
fpu		: yes
fpu_exception	: yes
cpuid level	: 11
wp		: yes
flags		: fpu vme de pse tsc msr pae mce cx8 apic sep mtrr pge mca cmov pat pse36 clflush dts acpi mmx fxsr sse sse2 ss ht tm pbe syscall nx pdpe1gb rdtscp lm constant_tsc arch_perfmon pebs bts rep_good xtopology nonstop_tsc aperfmperf pni pclmulqdq dtes64 monitor ds_cpl vmx smx est tm2 ssse3 cx16 xtpr pdcm pcid dca sse4_1 sse4_2 x2apic popcnt aes lahf_lm ida arat dtherm pti retpoline tpr_shadow vnmi flexpriority ept vpid
bogomips	: 4788.34
clflush size	: 64
cache_alignment	: 64
address sizes	: 44 bits physical, 48 bits virtual
power management:

processor	: 25
vendor_id	: GenuineIntel
cpu family	: 6
model		: 47
model name	: Intel(R) Xeon(R) CPU E7- 4870  @ 2.40GHz
stepping	: 2
microcode	: 55
cpu MHz		: 2394.174
cache size	: 30720 KB
physical id	: 1
siblings	: 20
core id		: 17
cpu cores	: 10
apicid		: 98
initial apicid	: 98
fpu		: yes
fpu_exception	: yes
cpuid level	: 11
wp		: yes
flags		: fpu vme de pse tsc msr pae mce cx8 apic sep mtrr pge mca cmov pat pse36 clflush dts acpi mmx fxsr sse sse2 ss ht tm pbe syscall nx pdpe1gb rdtscp lm constant_tsc arch_perfmon pebs bts rep_good xtopology nonstop_tsc aperfmperf pni pclmulqdq dtes64 monitor ds_cpl vmx smx est tm2 ssse3 cx16 xtpr pdcm pcid dca sse4_1 sse4_2 x2apic popcnt aes lahf_lm ida arat dtherm pti retpoline tpr_shadow vnmi flexpriority ept vpid
bogomips	: 4787.89
clflush size	: 64
cache_alignment	: 64
address sizes	: 44 bits physical, 48 bits virtual
power management:

processor	: 26
vendor_id	: GenuineIntel
cpu family	: 6
model		: 47
model name	: Intel(R) Xeon(R) CPU E7- 4870  @ 2.40GHz
stepping	: 2
microcode	: 55
cpu MHz		: 2394.174
cache size	: 30720 KB
physical id	: 2
siblings	: 20
core id		: 17
cpu cores	: 10
apicid		: 162
initial apicid	: 162
fpu		: yes
fpu_exception	: yes
cpuid level	: 11
wp		: yes
flags		: fpu vme de pse tsc msr pae mce cx8 apic sep mtrr pge mca cmov pat pse36 clflush dts acpi mmx fxsr sse sse2 ss ht tm pbe syscall nx pdpe1gb rdtscp lm constant_tsc arch_perfmon pebs bts rep_good xtopology nonstop_tsc aperfmperf pni pclmulqdq dtes64 monitor ds_cpl vmx smx est tm2 ssse3 cx16 xtpr pdcm pcid dca sse4_1 sse4_2 x2apic popcnt aes lahf_lm ida arat dtherm pti retpoline tpr_shadow vnmi flexpriority ept vpid
bogomips	: 4787.88
clflush size	: 64
cache_alignment	: 64
address sizes	: 44 bits physical, 48 bits virtual
power management:

processor	: 27
vendor_id	: GenuineIntel
cpu family	: 6
model		: 47
model name	: Intel(R) Xeon(R) CPU E7- 4870  @ 2.40GHz
stepping	: 2
microcode	: 55
cpu MHz		: 2394.174
cache size	: 30720 KB
physical id	: 3
siblings	: 20
core id		: 17
cpu cores	: 10
apicid		: 226
initial apicid	: 226
fpu		: yes
fpu_exception	: yes
cpuid level	: 11
wp		: yes
flags		: fpu vme de pse tsc msr pae mce cx8 apic sep mtrr pge mca cmov pat pse36 clflush dts acpi mmx fxsr sse sse2 ss ht tm pbe syscall nx pdpe1gb rdtscp lm constant_tsc arch_perfmon pebs bts rep_good xtopology nonstop_tsc aperfmperf pni pclmulqdq dtes64 monitor ds_cpl vmx smx est tm2 ssse3 cx16 xtpr pdcm pcid dca sse4_1 sse4_2 x2apic popcnt aes lahf_lm ida arat dtherm pti retpoline tpr_shadow vnmi flexpriority ept vpid
bogomips	: 4787.88
clflush size	: 64
cache_alignment	: 64
address sizes	: 44 bits physical, 48 bits virtual
power management:

processor	: 28
vendor_id	: GenuineIntel
cpu family	: 6
model		: 47
model name	: Intel(R) Xeon(R) CPU E7- 4870  @ 2.40GHz
stepping	: 2
microcode	: 55
cpu MHz		: 2394.174
cache size	: 30720 KB
physical id	: 0
siblings	: 20
core id		: 18
cpu cores	: 10
apicid		: 36
initial apicid	: 36
fpu		: yes
fpu_exception	: yes
cpuid level	: 11
wp		: yes
flags		: fpu vme de pse tsc msr pae mce cx8 apic sep mtrr pge mca cmov pat pse36 clflush dts acpi mmx fxsr sse sse2 ss ht tm pbe syscall nx pdpe1gb rdtscp lm constant_tsc arch_perfmon pebs bts rep_good xtopology nonstop_tsc aperfmperf pni pclmulqdq dtes64 monitor ds_cpl vmx smx est tm2 ssse3 cx16 xtpr pdcm pcid dca sse4_1 sse4_2 x2apic popcnt aes lahf_lm ida arat dtherm pti retpoline tpr_shadow vnmi flexpriority ept vpid
bogomips	: 4788.34
clflush size	: 64
cache_alignment	: 64
address sizes	: 44 bits physical, 48 bits virtual
power management:

processor	: 29
vendor_id	: GenuineIntel
cpu family	: 6
model		: 47
model name	: Intel(R) Xeon(R) CPU E7- 4870  @ 2.40GHz
stepping	: 2
microcode	: 55
cpu MHz		: 2394.174
cache size	: 30720 KB
physical id	: 1
siblings	: 20
core id		: 18
cpu cores	: 10
apicid		: 100
initial apicid	: 100
fpu		: yes
fpu_exception	: yes
cpuid level	: 11
wp		: yes
flags		: fpu vme de pse tsc msr pae mce cx8 apic sep mtrr pge mca cmov pat pse36 clflush dts acpi mmx fxsr sse sse2 ss ht tm pbe syscall nx pdpe1gb rdtscp lm constant_tsc arch_perfmon pebs bts rep_good xtopology nonstop_tsc aperfmperf pni pclmulqdq dtes64 monitor ds_cpl vmx smx est tm2 ssse3 cx16 xtpr pdcm pcid dca sse4_1 sse4_2 x2apic popcnt aes lahf_lm ida arat dtherm pti retpoline tpr_shadow vnmi flexpriority ept vpid
bogomips	: 4787.89
clflush size	: 64
cache_alignment	: 64
address sizes	: 44 bits physical, 48 bits virtual
power management:

processor	: 30
vendor_id	: GenuineIntel
cpu family	: 6
model		: 47
model name	: Intel(R) Xeon(R) CPU E7- 4870  @ 2.40GHz
stepping	: 2
microcode	: 55
cpu MHz		: 2394.174
cache size	: 30720 KB
physical id	: 2
siblings	: 20
core id		: 18
cpu cores	: 10
apicid		: 164
initial apicid	: 164
fpu		: yes
fpu_exception	: yes
cpuid level	: 11
wp		: yes
flags		: fpu vme de pse tsc msr pae mce cx8 apic sep mtrr pge mca cmov pat pse36 clflush dts acpi mmx fxsr sse sse2 ss ht tm pbe syscall nx pdpe1gb rdtscp lm constant_tsc arch_perfmon pebs bts rep_good xtopology nonstop_tsc aperfmperf pni pclmulqdq dtes64 monitor ds_cpl vmx smx est tm2 ssse3 cx16 xtpr pdcm pcid dca sse4_1 sse4_2 x2apic popcnt aes lahf_lm ida arat dtherm pti retpoline tpr_shadow vnmi flexpriority ept vpid
bogomips	: 4787.88
clflush size	: 64
cache_alignment	: 64
address sizes	: 44 bits physical, 48 bits virtual
power management:

processor	: 31
vendor_id	: GenuineIntel
cpu family	: 6
model		: 47
model name	: Intel(R) Xeon(R) CPU E7- 4870  @ 2.40GHz
stepping	: 2
microcode	: 55
cpu MHz		: 2394.174
cache size	: 30720 KB
physical id	: 3
siblings	: 20
core id		: 18
cpu cores	: 10
apicid		: 228
initial apicid	: 228
fpu		: yes
fpu_exception	: yes
cpuid level	: 11
wp		: yes
flags		: fpu vme de pse tsc msr pae mce cx8 apic sep mtrr pge mca cmov pat pse36 clflush dts acpi mmx fxsr sse sse2 ss ht tm pbe syscall nx pdpe1gb rdtscp lm constant_tsc arch_perfmon pebs bts rep_good xtopology nonstop_tsc aperfmperf pni pclmulqdq dtes64 monitor ds_cpl vmx smx est tm2 ssse3 cx16 xtpr pdcm pcid dca sse4_1 sse4_2 x2apic popcnt aes lahf_lm ida arat dtherm pti retpoline tpr_shadow vnmi flexpriority ept vpid
bogomips	: 4787.88
clflush size	: 64
cache_alignment	: 64
address sizes	: 44 bits physical, 48 bits virtual
power management:

processor	: 32
vendor_id	: GenuineIntel
cpu family	: 6
model		: 47
model name	: Intel(R) Xeon(R) CPU E7- 4870  @ 2.40GHz
stepping	: 2
microcode	: 55
cpu MHz		: 2394.174
cache size	: 30720 KB
physical id	: 0
siblings	: 20
core id		: 24
cpu cores	: 10
apicid		: 48
initial apicid	: 48
fpu		: yes
fpu_exception	: yes
cpuid level	: 11
wp		: yes
flags		: fpu vme de pse tsc msr pae mce cx8 apic sep mtrr pge mca cmov pat pse36 clflush dts acpi mmx fxsr sse sse2 ss ht tm pbe syscall nx pdpe1gb rdtscp lm constant_tsc arch_perfmon pebs bts rep_good xtopology nonstop_tsc aperfmperf pni pclmulqdq dtes64 monitor ds_cpl vmx smx est tm2 ssse3 cx16 xtpr pdcm pcid dca sse4_1 sse4_2 x2apic popcnt aes lahf_lm ida arat dtherm pti retpoline tpr_shadow vnmi flexpriority ept vpid
bogomips	: 4788.34
clflush size	: 64
cache_alignment	: 64
address sizes	: 44 bits physical, 48 bits virtual
power management:

processor	: 33
vendor_id	: GenuineIntel
cpu family	: 6
model		: 47
model name	: Intel(R) Xeon(R) CPU E7- 4870  @ 2.40GHz
stepping	: 2
microcode	: 55
cpu MHz		: 2394.174
cache size	: 30720 KB
physical id	: 1
siblings	: 20
core id		: 24
cpu cores	: 10
apicid		: 112
initial apicid	: 112
fpu		: yes
fpu_exception	: yes
cpuid level	: 11
wp		: yes
flags		: fpu vme de pse tsc msr pae mce cx8 apic sep mtrr pge mca cmov pat pse36 clflush dts acpi mmx fxsr sse sse2 ss ht tm pbe syscall nx pdpe1gb rdtscp lm constant_tsc arch_perfmon pebs bts rep_good xtopology nonstop_tsc aperfmperf pni pclmulqdq dtes64 monitor ds_cpl vmx smx est tm2 ssse3 cx16 xtpr pdcm pcid dca sse4_1 sse4_2 x2apic popcnt aes lahf_lm ida arat dtherm pti retpoline tpr_shadow vnmi flexpriority ept vpid
bogomips	: 4787.89
clflush size	: 64
cache_alignment	: 64
address sizes	: 44 bits physical, 48 bits virtual
power management:

processor	: 34
vendor_id	: GenuineIntel
cpu family	: 6
model		: 47
model name	: Intel(R) Xeon(R) CPU E7- 4870  @ 2.40GHz
stepping	: 2
microcode	: 55
cpu MHz		: 2394.174
cache size	: 30720 KB
physical id	: 2
siblings	: 20
core id		: 24
cpu cores	: 10
apicid		: 176
initial apicid	: 176
fpu		: yes
fpu_exception	: yes
cpuid level	: 11
wp		: yes
flags		: fpu vme de pse tsc msr pae mce cx8 apic sep mtrr pge mca cmov pat pse36 clflush dts acpi mmx fxsr sse sse2 ss ht tm pbe syscall nx pdpe1gb rdtscp lm constant_tsc arch_perfmon pebs bts rep_good xtopology nonstop_tsc aperfmperf pni pclmulqdq dtes64 monitor ds_cpl vmx smx est tm2 ssse3 cx16 xtpr pdcm pcid dca sse4_1 sse4_2 x2apic popcnt aes lahf_lm ida arat dtherm pti retpoline tpr_shadow vnmi flexpriority ept vpid
bogomips	: 4787.88
clflush size	: 64
cache_alignment	: 64
address sizes	: 44 bits physical, 48 bits virtual
power management:

processor	: 35
vendor_id	: GenuineIntel
cpu family	: 6
model		: 47
model name	: Intel(R) Xeon(R) CPU E7- 4870  @ 2.40GHz
stepping	: 2
microcode	: 55
cpu MHz		: 2394.174
cache size	: 30720 KB
physical id	: 3
siblings	: 20
core id		: 24
cpu cores	: 10
apicid		: 240
initial apicid	: 240
fpu		: yes
fpu_exception	: yes
cpuid level	: 11
wp		: yes
flags		: fpu vme de pse tsc msr pae mce cx8 apic sep mtrr pge mca cmov pat pse36 clflush dts acpi mmx fxsr sse sse2 ss ht tm pbe syscall nx pdpe1gb rdtscp lm constant_tsc arch_perfmon pebs bts rep_good xtopology nonstop_tsc aperfmperf pni pclmulqdq dtes64 monitor ds_cpl vmx smx est tm2 ssse3 cx16 xtpr pdcm pcid dca sse4_1 sse4_2 x2apic popcnt aes lahf_lm ida arat dtherm pti retpoline tpr_shadow vnmi flexpriority ept vpid
bogomips	: 4787.88
clflush size	: 64
cache_alignment	: 64
address sizes	: 44 bits physical, 48 bits virtual
power management:

processor	: 36
vendor_id	: GenuineIntel
cpu family	: 6
model		: 47
model name	: Intel(R) Xeon(R) CPU E7- 4870  @ 2.40GHz
stepping	: 2
microcode	: 55
cpu MHz		: 2394.174
cache size	: 30720 KB
physical id	: 0
siblings	: 20
core id		: 25
cpu cores	: 10
apicid		: 50
initial apicid	: 50
fpu		: yes
fpu_exception	: yes
cpuid level	: 11
wp		: yes
flags		: fpu vme de pse tsc msr pae mce cx8 apic sep mtrr pge mca cmov pat pse36 clflush dts acpi mmx fxsr sse sse2 ss ht tm pbe syscall nx pdpe1gb rdtscp lm constant_tsc arch_perfmon pebs bts rep_good xtopology nonstop_tsc aperfmperf pni pclmulqdq dtes64 monitor ds_cpl vmx smx est tm2 ssse3 cx16 xtpr pdcm pcid dca sse4_1 sse4_2 x2apic popcnt aes lahf_lm ida arat dtherm pti retpoline tpr_shadow vnmi flexpriority ept vpid
bogomips	: 4788.34
clflush size	: 64
cache_alignment	: 64
address sizes	: 44 bits physical, 48 bits virtual
power management:

processor	: 37
vendor_id	: GenuineIntel
cpu family	: 6
model		: 47
model name	: Intel(R) Xeon(R) CPU E7- 4870  @ 2.40GHz
stepping	: 2
microcode	: 55
cpu MHz		: 2394.174
cache size	: 30720 KB
physical id	: 1
siblings	: 20
core id		: 25
cpu cores	: 10
apicid		: 114
initial apicid	: 114
fpu		: yes
fpu_exception	: yes
cpuid level	: 11
wp		: yes
flags		: fpu vme de pse tsc msr pae mce cx8 apic sep mtrr pge mca cmov pat pse36 clflush dts acpi mmx fxsr sse sse2 ss ht tm pbe syscall nx pdpe1gb rdtscp lm constant_tsc arch_perfmon pebs bts rep_good xtopology nonstop_tsc aperfmperf pni pclmulqdq dtes64 monitor ds_cpl vmx smx est tm2 ssse3 cx16 xtpr pdcm pcid dca sse4_1 sse4_2 x2apic popcnt aes lahf_lm ida arat dtherm pti retpoline tpr_shadow vnmi flexpriority ept vpid
bogomips	: 4787.89
clflush size	: 64
cache_alignment	: 64
address sizes	: 44 bits physical, 48 bits virtual
power management:

processor	: 38
vendor_id	: GenuineIntel
cpu family	: 6
model		: 47
model name	: Intel(R) Xeon(R) CPU E7- 4870  @ 2.40GHz
stepping	: 2
microcode	: 55
cpu MHz		: 2394.174
cache size	: 30720 KB
physical id	: 2
siblings	: 20
core id		: 25
cpu cores	: 10
apicid		: 178
initial apicid	: 178
fpu		: yes
fpu_exception	: yes
cpuid level	: 11
wp		: yes
flags		: fpu vme de pse tsc msr pae mce cx8 apic sep mtrr pge mca cmov pat pse36 clflush dts acpi mmx fxsr sse sse2 ss ht tm pbe syscall nx pdpe1gb rdtscp lm constant_tsc arch_perfmon pebs bts rep_good xtopology nonstop_tsc aperfmperf pni pclmulqdq dtes64 monitor ds_cpl vmx smx est tm2 ssse3 cx16 xtpr pdcm pcid dca sse4_1 sse4_2 x2apic popcnt aes lahf_lm ida arat dtherm pti retpoline tpr_shadow vnmi flexpriority ept vpid
bogomips	: 4787.88
clflush size	: 64
cache_alignment	: 64
address sizes	: 44 bits physical, 48 bits virtual
power management:

processor	: 39
vendor_id	: GenuineIntel
cpu family	: 6
model		: 47
model name	: Intel(R) Xeon(R) CPU E7- 4870  @ 2.40GHz
stepping	: 2
microcode	: 55
cpu MHz		: 2394.174
cache size	: 30720 KB
physical id	: 3
siblings	: 20
core id		: 25
cpu cores	: 10
apicid		: 242
initial apicid	: 242
fpu		: yes
fpu_exception	: yes
cpuid level	: 11
wp		: yes
flags		: fpu vme de pse tsc msr pae mce cx8 apic sep mtrr pge mca cmov pat pse36 clflush dts acpi mmx fxsr sse sse2 ss ht tm pbe syscall nx pdpe1gb rdtscp lm constant_tsc arch_perfmon pebs bts rep_good xtopology nonstop_tsc aperfmperf pni pclmulqdq dtes64 monitor ds_cpl vmx smx est tm2 ssse3 cx16 xtpr pdcm pcid dca sse4_1 sse4_2 x2apic popcnt aes lahf_lm ida arat dtherm pti retpoline tpr_shadow vnmi flexpriority ept vpid
bogomips	: 4787.88
clflush size	: 64
cache_alignment	: 64
address sizes	: 44 bits physical, 48 bits virtual
power management:

processor	: 40
vendor_id	: GenuineIntel
cpu family	: 6
model		: 47
model name	: Intel(R) Xeon(R) CPU E7- 4870  @ 2.40GHz
stepping	: 2
microcode	: 55
cpu MHz		: 2394.174
cache size	: 30720 KB
physical id	: 0
siblings	: 20
core id		: 0
cpu cores	: 10
apicid		: 1
initial apicid	: 1
fpu		: yes
fpu_exception	: yes
cpuid level	: 11
wp		: yes
flags		: fpu vme de pse tsc msr pae mce cx8 apic sep mtrr pge mca cmov pat pse36 clflush dts acpi mmx fxsr sse sse2 ss ht tm pbe syscall nx pdpe1gb rdtscp lm constant_tsc arch_perfmon pebs bts rep_good xtopology nonstop_tsc aperfmperf pni pclmulqdq dtes64 monitor ds_cpl vmx smx est tm2 ssse3 cx16 xtpr pdcm pcid dca sse4_1 sse4_2 x2apic popcnt aes lahf_lm ida arat dtherm pti retpoline tpr_shadow vnmi flexpriority ept vpid
bogomips	: 4788.34
clflush size	: 64
cache_alignment	: 64
address sizes	: 44 bits physical, 48 bits virtual
power management:

processor	: 41
vendor_id	: GenuineIntel
cpu family	: 6
model		: 47
model name	: Intel(R) Xeon(R) CPU E7- 4870  @ 2.40GHz
stepping	: 2
microcode	: 55
cpu MHz		: 2394.174
cache size	: 30720 KB
physical id	: 1
siblings	: 20
core id		: 0
cpu cores	: 10
apicid		: 65
initial apicid	: 65
fpu		: yes
fpu_exception	: yes
cpuid level	: 11
wp		: yes
flags		: fpu vme de pse tsc msr pae mce cx8 apic sep mtrr pge mca cmov pat pse36 clflush dts acpi mmx fxsr sse sse2 ss ht tm pbe syscall nx pdpe1gb rdtscp lm constant_tsc arch_perfmon pebs bts rep_good xtopology nonstop_tsc aperfmperf pni pclmulqdq dtes64 monitor ds_cpl vmx smx est tm2 ssse3 cx16 xtpr pdcm pcid dca sse4_1 sse4_2 x2apic popcnt aes lahf_lm ida arat dtherm pti retpoline tpr_shadow vnmi flexpriority ept vpid
bogomips	: 4787.89
clflush size	: 64
cache_alignment	: 64
address sizes	: 44 bits physical, 48 bits virtual
power management:

processor	: 42
vendor_id	: GenuineIntel
cpu family	: 6
model		: 47
model name	: Intel(R) Xeon(R) CPU E7- 4870  @ 2.40GHz
stepping	: 2
microcode	: 55
cpu MHz		: 2394.174
cache size	: 30720 KB
physical id	: 2
siblings	: 20
core id		: 0
cpu cores	: 10
apicid		: 129
initial apicid	: 129
fpu		: yes
fpu_exception	: yes
cpuid level	: 11
wp		: yes
flags		: fpu vme de pse tsc msr pae mce cx8 apic sep mtrr pge mca cmov pat pse36 clflush dts acpi mmx fxsr sse sse2 ss ht tm pbe syscall nx pdpe1gb rdtscp lm constant_tsc arch_perfmon pebs bts rep_good xtopology nonstop_tsc aperfmperf pni pclmulqdq dtes64 monitor ds_cpl vmx smx est tm2 ssse3 cx16 xtpr pdcm pcid dca sse4_1 sse4_2 x2apic popcnt aes lahf_lm ida arat dtherm pti retpoline tpr_shadow vnmi flexpriority ept vpid
bogomips	: 4787.88
clflush size	: 64
cache_alignment	: 64
address sizes	: 44 bits physical, 48 bits virtual
power management:

processor	: 43
vendor_id	: GenuineIntel
cpu family	: 6
model		: 47
model name	: Intel(R) Xeon(R) CPU E7- 4870  @ 2.40GHz
stepping	: 2
microcode	: 55
cpu MHz		: 2394.174
cache size	: 30720 KB
physical id	: 3
siblings	: 20
core id		: 0
cpu cores	: 10
apicid		: 193
initial apicid	: 193
fpu		: yes
fpu_exception	: yes
cpuid level	: 11
wp		: yes
flags		: fpu vme de pse tsc msr pae mce cx8 apic sep mtrr pge mca cmov pat pse36 clflush dts acpi mmx fxsr sse sse2 ss ht tm pbe syscall nx pdpe1gb rdtscp lm constant_tsc arch_perfmon pebs bts rep_good xtopology nonstop_tsc aperfmperf pni pclmulqdq dtes64 monitor ds_cpl vmx smx est tm2 ssse3 cx16 xtpr pdcm pcid dca sse4_1 sse4_2 x2apic popcnt aes lahf_lm ida arat dtherm pti retpoline tpr_shadow vnmi flexpriority ept vpid
bogomips	: 4787.88
clflush size	: 64
cache_alignment	: 64
address sizes	: 44 bits physical, 48 bits virtual
power management:

processor	: 44
vendor_id	: GenuineIntel
cpu family	: 6
model		: 47
model name	: Intel(R) Xeon(R) CPU E7- 4870  @ 2.40GHz
stepping	: 2
microcode	: 55
cpu MHz		: 2394.174
cache size	: 30720 KB
physical id	: 0
siblings	: 20
core id		: 1
cpu cores	: 10
apicid		: 3
initial apicid	: 3
fpu		: yes
fpu_exception	: yes
cpuid level	: 11
wp		: yes
flags		: fpu vme de pse tsc msr pae mce cx8 apic sep mtrr pge mca cmov pat pse36 clflush dts acpi mmx fxsr sse sse2 ss ht tm pbe syscall nx pdpe1gb rdtscp lm constant_tsc arch_perfmon pebs bts rep_good xtopology nonstop_tsc aperfmperf pni pclmulqdq dtes64 monitor ds_cpl vmx smx est tm2 ssse3 cx16 xtpr pdcm pcid dca sse4_1 sse4_2 x2apic popcnt aes lahf_lm ida arat dtherm pti retpoline tpr_shadow vnmi flexpriority ept vpid
bogomips	: 4788.34
clflush size	: 64
cache_alignment	: 64
address sizes	: 44 bits physical, 48 bits virtual
power management:

processor	: 45
vendor_id	: GenuineIntel
cpu family	: 6
model		: 47
model name	: Intel(R) Xeon(R) CPU E7- 4870  @ 2.40GHz
stepping	: 2
microcode	: 55
cpu MHz		: 2394.174
cache size	: 30720 KB
physical id	: 1
siblings	: 20
core id		: 1
cpu cores	: 10
apicid		: 67
initial apicid	: 67
fpu		: yes
fpu_exception	: yes
cpuid level	: 11
wp		: yes
flags		: fpu vme de pse tsc msr pae mce cx8 apic sep mtrr pge mca cmov pat pse36 clflush dts acpi mmx fxsr sse sse2 ss ht tm pbe syscall nx pdpe1gb rdtscp lm constant_tsc arch_perfmon pebs bts rep_good xtopology nonstop_tsc aperfmperf pni pclmulqdq dtes64 monitor ds_cpl vmx smx est tm2 ssse3 cx16 xtpr pdcm pcid dca sse4_1 sse4_2 x2apic popcnt aes lahf_lm ida arat dtherm pti retpoline tpr_shadow vnmi flexpriority ept vpid
bogomips	: 4787.89
clflush size	: 64
cache_alignment	: 64
address sizes	: 44 bits physical, 48 bits virtual
power management:

processor	: 46
vendor_id	: GenuineIntel
cpu family	: 6
model		: 47
model name	: Intel(R) Xeon(R) CPU E7- 4870  @ 2.40GHz
stepping	: 2
microcode	: 55
cpu MHz		: 2394.174
cache size	: 30720 KB
physical id	: 2
siblings	: 20
core id		: 1
cpu cores	: 10
apicid		: 131
initial apicid	: 131
fpu		: yes
fpu_exception	: yes
cpuid level	: 11
wp		: yes
flags		: fpu vme de pse tsc msr pae mce cx8 apic sep mtrr pge mca cmov pat pse36 clflush dts acpi mmx fxsr sse sse2 ss ht tm pbe syscall nx pdpe1gb rdtscp lm constant_tsc arch_perfmon pebs bts rep_good xtopology nonstop_tsc aperfmperf pni pclmulqdq dtes64 monitor ds_cpl vmx smx est tm2 ssse3 cx16 xtpr pdcm pcid dca sse4_1 sse4_2 x2apic popcnt aes lahf_lm ida arat dtherm pti retpoline tpr_shadow vnmi flexpriority ept vpid
bogomips	: 4787.88
clflush size	: 64
cache_alignment	: 64
address sizes	: 44 bits physical, 48 bits virtual
power management:

processor	: 47
vendor_id	: GenuineIntel
cpu family	: 6
model		: 47
model name	: Intel(R) Xeon(R) CPU E7- 4870  @ 2.40GHz
stepping	: 2
microcode	: 55
cpu MHz		: 2394.174
cache size	: 30720 KB
physical id	: 3
siblings	: 20
core id		: 1
cpu cores	: 10
apicid		: 195
initial apicid	: 195
fpu		: yes
fpu_exception	: yes
cpuid level	: 11
wp		: yes
flags		: fpu vme de pse tsc msr pae mce cx8 apic sep mtrr pge mca cmov pat pse36 clflush dts acpi mmx fxsr sse sse2 ss ht tm pbe syscall nx pdpe1gb rdtscp lm constant_tsc arch_perfmon pebs bts rep_good xtopology nonstop_tsc aperfmperf pni pclmulqdq dtes64 monitor ds_cpl vmx smx est tm2 ssse3 cx16 xtpr pdcm pcid dca sse4_1 sse4_2 x2apic popcnt aes lahf_lm ida arat dtherm pti retpoline tpr_shadow vnmi flexpriority ept vpid
bogomips	: 4787.88
clflush size	: 64
cache_alignment	: 64
address sizes	: 44 bits physical, 48 bits virtual
power management:

processor	: 48
vendor_id	: GenuineIntel
cpu family	: 6
model		: 47
model name	: Intel(R) Xeon(R) CPU E7- 4870  @ 2.40GHz
stepping	: 2
microcode	: 55
cpu MHz		: 2394.174
cache size	: 30720 KB
physical id	: 0
siblings	: 20
core id		: 2
cpu cores	: 10
apicid		: 5
initial apicid	: 5
fpu		: yes
fpu_exception	: yes
cpuid level	: 11
wp		: yes
flags		: fpu vme de pse tsc msr pae mce cx8 apic sep mtrr pge mca cmov pat pse36 clflush dts acpi mmx fxsr sse sse2 ss ht tm pbe syscall nx pdpe1gb rdtscp lm constant_tsc arch_perfmon pebs bts rep_good xtopology nonstop_tsc aperfmperf pni pclmulqdq dtes64 monitor ds_cpl vmx smx est tm2 ssse3 cx16 xtpr pdcm pcid dca sse4_1 sse4_2 x2apic popcnt aes lahf_lm ida arat dtherm pti retpoline tpr_shadow vnmi flexpriority ept vpid
bogomips	: 4788.34
clflush size	: 64
cache_alignment	: 64
address sizes	: 44 bits physical, 48 bits virtual
power management:

processor	: 49
vendor_id	: GenuineIntel
cpu family	: 6
model		: 47
model name	: Intel(R) Xeon(R) CPU E7- 4870  @ 2.40GHz
stepping	: 2
microcode	: 55
cpu MHz		: 2394.174
cache size	: 30720 KB
physical id	: 1
siblings	: 20
core id		: 2
cpu cores	: 10
apicid		: 69
initial apicid	: 69
fpu		: yes
fpu_exception	: yes
cpuid level	: 11
wp		: yes
flags		: fpu vme de pse tsc msr pae mce cx8 apic sep mtrr pge mca cmov pat pse36 clflush dts acpi mmx fxsr sse sse2 ss ht tm pbe syscall nx pdpe1gb rdtscp lm constant_tsc arch_perfmon pebs bts rep_good xtopology nonstop_tsc aperfmperf pni pclmulqdq dtes64 monitor ds_cpl vmx smx est tm2 ssse3 cx16 xtpr pdcm pcid dca sse4_1 sse4_2 x2apic popcnt aes lahf_lm ida arat dtherm pti retpoline tpr_shadow vnmi flexpriority ept vpid
bogomips	: 4787.89
clflush size	: 64
cache_alignment	: 64
address sizes	: 44 bits physical, 48 bits virtual
power management:

processor	: 50
vendor_id	: GenuineIntel
cpu family	: 6
model		: 47
model name	: Intel(R) Xeon(R) CPU E7- 4870  @ 2.40GHz
stepping	: 2
microcode	: 55
cpu MHz		: 2394.174
cache size	: 30720 KB
physical id	: 2
siblings	: 20
core id		: 2
cpu cores	: 10
apicid		: 133
initial apicid	: 133
fpu		: yes
fpu_exception	: yes
cpuid level	: 11
wp		: yes
flags		: fpu vme de pse tsc msr pae mce cx8 apic sep mtrr pge mca cmov pat pse36 clflush dts acpi mmx fxsr sse sse2 ss ht tm pbe syscall nx pdpe1gb rdtscp lm constant_tsc arch_perfmon pebs bts rep_good xtopology nonstop_tsc aperfmperf pni pclmulqdq dtes64 monitor ds_cpl vmx smx est tm2 ssse3 cx16 xtpr pdcm pcid dca sse4_1 sse4_2 x2apic popcnt aes lahf_lm ida arat dtherm pti retpoline tpr_shadow vnmi flexpriority ept vpid
bogomips	: 4787.88
clflush size	: 64
cache_alignment	: 64
address sizes	: 44 bits physical, 48 bits virtual
power management:

processor	: 51
vendor_id	: GenuineIntel
cpu family	: 6
model		: 47
model name	: Intel(R) Xeon(R) CPU E7- 4870  @ 2.40GHz
stepping	: 2
microcode	: 55
cpu MHz		: 2394.174
cache size	: 30720 KB
physical id	: 3
siblings	: 20
core id		: 2
cpu cores	: 10
apicid		: 197
initial apicid	: 197
fpu		: yes
fpu_exception	: yes
cpuid level	: 11
wp		: yes
flags		: fpu vme de pse tsc msr pae mce cx8 apic sep mtrr pge mca cmov pat pse36 clflush dts acpi mmx fxsr sse sse2 ss ht tm pbe syscall nx pdpe1gb rdtscp lm constant_tsc arch_perfmon pebs bts rep_good xtopology nonstop_tsc aperfmperf pni pclmulqdq dtes64 monitor ds_cpl vmx smx est tm2 ssse3 cx16 xtpr pdcm pcid dca sse4_1 sse4_2 x2apic popcnt aes lahf_lm ida arat dtherm pti retpoline tpr_shadow vnmi flexpriority ept vpid
bogomips	: 4787.88
clflush size	: 64
cache_alignment	: 64
address sizes	: 44 bits physical, 48 bits virtual
power management:

processor	: 52
vendor_id	: GenuineIntel
cpu family	: 6
model		: 47
model name	: Intel(R) Xeon(R) CPU E7- 4870  @ 2.40GHz
stepping	: 2
microcode	: 55
cpu MHz		: 2394.174
cache size	: 30720 KB
physical id	: 0
siblings	: 20
core id		: 8
cpu cores	: 10
apicid		: 17
initial apicid	: 17
fpu		: yes
fpu_exception	: yes
cpuid level	: 11
wp		: yes
flags		: fpu vme de pse tsc msr pae mce cx8 apic sep mtrr pge mca cmov pat pse36 clflush dts acpi mmx fxsr sse sse2 ss ht tm pbe syscall nx pdpe1gb rdtscp lm constant_tsc arch_perfmon pebs bts rep_good xtopology nonstop_tsc aperfmperf pni pclmulqdq dtes64 monitor ds_cpl vmx smx est tm2 ssse3 cx16 xtpr pdcm pcid dca sse4_1 sse4_2 x2apic popcnt aes lahf_lm ida arat dtherm pti retpoline tpr_shadow vnmi flexpriority ept vpid
bogomips	: 4788.34
clflush size	: 64
cache_alignment	: 64
address sizes	: 44 bits physical, 48 bits virtual
power management:

processor	: 53
vendor_id	: GenuineIntel
cpu family	: 6
model		: 47
model name	: Intel(R) Xeon(R) CPU E7- 4870  @ 2.40GHz
stepping	: 2
microcode	: 55
cpu MHz		: 2394.174
cache size	: 30720 KB
physical id	: 1
siblings	: 20
core id		: 8
cpu cores	: 10
apicid		: 81
initial apicid	: 81
fpu		: yes
fpu_exception	: yes
cpuid level	: 11
wp		: yes
flags		: fpu vme de pse tsc msr pae mce cx8 apic sep mtrr pge mca cmov pat pse36 clflush dts acpi mmx fxsr sse sse2 ss ht tm pbe syscall nx pdpe1gb rdtscp lm constant_tsc arch_perfmon pebs bts rep_good xtopology nonstop_tsc aperfmperf pni pclmulqdq dtes64 monitor ds_cpl vmx smx est tm2 ssse3 cx16 xtpr pdcm pcid dca sse4_1 sse4_2 x2apic popcnt aes lahf_lm ida arat dtherm pti retpoline tpr_shadow vnmi flexpriority ept vpid
bogomips	: 4787.89
clflush size	: 64
cache_alignment	: 64
address sizes	: 44 bits physical, 48 bits virtual
power management:

processor	: 54
vendor_id	: GenuineIntel
cpu family	: 6
model		: 47
model name	: Intel(R) Xeon(R) CPU E7- 4870  @ 2.40GHz
stepping	: 2
microcode	: 55
cpu MHz		: 2394.174
cache size	: 30720 KB
physical id	: 2
siblings	: 20
core id		: 8
cpu cores	: 10
apicid		: 145
initial apicid	: 145
fpu		: yes
fpu_exception	: yes
cpuid level	: 11
wp		: yes
flags		: fpu vme de pse tsc msr pae mce cx8 apic sep mtrr pge mca cmov pat pse36 clflush dts acpi mmx fxsr sse sse2 ss ht tm pbe syscall nx pdpe1gb rdtscp lm constant_tsc arch_perfmon pebs bts rep_good xtopology nonstop_tsc aperfmperf pni pclmulqdq dtes64 monitor ds_cpl vmx smx est tm2 ssse3 cx16 xtpr pdcm pcid dca sse4_1 sse4_2 x2apic popcnt aes lahf_lm ida arat dtherm pti retpoline tpr_shadow vnmi flexpriority ept vpid
bogomips	: 4787.88
clflush size	: 64
cache_alignment	: 64
address sizes	: 44 bits physical, 48 bits virtual
power management:

processor	: 55
vendor_id	: GenuineIntel
cpu family	: 6
model		: 47
model name	: Intel(R) Xeon(R) CPU E7- 4870  @ 2.40GHz
stepping	: 2
microcode	: 55
cpu MHz		: 2394.174
cache size	: 30720 KB
physical id	: 3
siblings	: 20
core id		: 8
cpu cores	: 10
apicid		: 209
initial apicid	: 209
fpu		: yes
fpu_exception	: yes
cpuid level	: 11
wp		: yes
flags		: fpu vme de pse tsc msr pae mce cx8 apic sep mtrr pge mca cmov pat pse36 clflush dts acpi mmx fxsr sse sse2 ss ht tm pbe syscall nx pdpe1gb rdtscp lm constant_tsc arch_perfmon pebs bts rep_good xtopology nonstop_tsc aperfmperf pni pclmulqdq dtes64 monitor ds_cpl vmx smx est tm2 ssse3 cx16 xtpr pdcm pcid dca sse4_1 sse4_2 x2apic popcnt aes lahf_lm ida arat dtherm pti retpoline tpr_shadow vnmi flexpriority ept vpid
bogomips	: 4787.88
clflush size	: 64
cache_alignment	: 64
address sizes	: 44 bits physical, 48 bits virtual
power management:

processor	: 56
vendor_id	: GenuineIntel
cpu family	: 6
model		: 47
model name	: Intel(R) Xeon(R) CPU E7- 4870  @ 2.40GHz
stepping	: 2
microcode	: 55
cpu MHz		: 2394.174
cache size	: 30720 KB
physical id	: 0
siblings	: 20
core id		: 9
cpu cores	: 10
apicid		: 19
initial apicid	: 19
fpu		: yes
fpu_exception	: yes
cpuid level	: 11
wp		: yes
flags		: fpu vme de pse tsc msr pae mce cx8 apic sep mtrr pge mca cmov pat pse36 clflush dts acpi mmx fxsr sse sse2 ss ht tm pbe syscall nx pdpe1gb rdtscp lm constant_tsc arch_perfmon pebs bts rep_good xtopology nonstop_tsc aperfmperf pni pclmulqdq dtes64 monitor ds_cpl vmx smx est tm2 ssse3 cx16 xtpr pdcm pcid dca sse4_1 sse4_2 x2apic popcnt aes lahf_lm ida arat dtherm pti retpoline tpr_shadow vnmi flexpriority ept vpid
bogomips	: 4788.34
clflush size	: 64
cache_alignment	: 64
address sizes	: 44 bits physical, 48 bits virtual
power management:

processor	: 57
vendor_id	: GenuineIntel
cpu family	: 6
model		: 47
model name	: Intel(R) Xeon(R) CPU E7- 4870  @ 2.40GHz
stepping	: 2
microcode	: 55
cpu MHz		: 2394.174
cache size	: 30720 KB
physical id	: 1
siblings	: 20
core id		: 9
cpu cores	: 10
apicid		: 83
initial apicid	: 83
fpu		: yes
fpu_exception	: yes
cpuid level	: 11
wp		: yes
flags		: fpu vme de pse tsc msr pae mce cx8 apic sep mtrr pge mca cmov pat pse36 clflush dts acpi mmx fxsr sse sse2 ss ht tm pbe syscall nx pdpe1gb rdtscp lm constant_tsc arch_perfmon pebs bts rep_good xtopology nonstop_tsc aperfmperf pni pclmulqdq dtes64 monitor ds_cpl vmx smx est tm2 ssse3 cx16 xtpr pdcm pcid dca sse4_1 sse4_2 x2apic popcnt aes lahf_lm ida arat dtherm pti retpoline tpr_shadow vnmi flexpriority ept vpid
bogomips	: 4787.89
clflush size	: 64
cache_alignment	: 64
address sizes	: 44 bits physical, 48 bits virtual
power management:

processor	: 58
vendor_id	: GenuineIntel
cpu family	: 6
model		: 47
model name	: Intel(R) Xeon(R) CPU E7- 4870  @ 2.40GHz
stepping	: 2
microcode	: 55
cpu MHz		: 2394.174
cache size	: 30720 KB
physical id	: 2
siblings	: 20
core id		: 9
cpu cores	: 10
apicid		: 147
initial apicid	: 147
fpu		: yes
fpu_exception	: yes
cpuid level	: 11
wp		: yes
flags		: fpu vme de pse tsc msr pae mce cx8 apic sep mtrr pge mca cmov pat pse36 clflush dts acpi mmx fxsr sse sse2 ss ht tm pbe syscall nx pdpe1gb rdtscp lm constant_tsc arch_perfmon pebs bts rep_good xtopology nonstop_tsc aperfmperf pni pclmulqdq dtes64 monitor ds_cpl vmx smx est tm2 ssse3 cx16 xtpr pdcm pcid dca sse4_1 sse4_2 x2apic popcnt aes lahf_lm ida arat dtherm pti retpoline tpr_shadow vnmi flexpriority ept vpid
bogomips	: 4787.88
clflush size	: 64
cache_alignment	: 64
address sizes	: 44 bits physical, 48 bits virtual
power management:

processor	: 59
vendor_id	: GenuineIntel
cpu family	: 6
model		: 47
model name	: Intel(R) Xeon(R) CPU E7- 4870  @ 2.40GHz
stepping	: 2
microcode	: 55
cpu MHz		: 2394.174
cache size	: 30720 KB
physical id	: 3
siblings	: 20
core id		: 9
cpu cores	: 10
apicid		: 211
initial apicid	: 211
fpu		: yes
fpu_exception	: yes
cpuid level	: 11
wp		: yes
flags		: fpu vme de pse tsc msr pae mce cx8 apic sep mtrr pge mca cmov pat pse36 clflush dts acpi mmx fxsr sse sse2 ss ht tm pbe syscall nx pdpe1gb rdtscp lm constant_tsc arch_perfmon pebs bts rep_good xtopology nonstop_tsc aperfmperf pni pclmulqdq dtes64 monitor ds_cpl vmx smx est tm2 ssse3 cx16 xtpr pdcm pcid dca sse4_1 sse4_2 x2apic popcnt aes lahf_lm ida arat dtherm pti retpoline tpr_shadow vnmi flexpriority ept vpid
bogomips	: 4787.88
clflush size	: 64
cache_alignment	: 64
address sizes	: 44 bits physical, 48 bits virtual
power management:

processor	: 60
vendor_id	: GenuineIntel
cpu family	: 6
model		: 47
model name	: Intel(R) Xeon(R) CPU E7- 4870  @ 2.40GHz
stepping	: 2
microcode	: 55
cpu MHz		: 2394.174
cache size	: 30720 KB
physical id	: 0
siblings	: 20
core id		: 16
cpu cores	: 10
apicid		: 33
initial apicid	: 33
fpu		: yes
fpu_exception	: yes
cpuid level	: 11
wp		: yes
flags		: fpu vme de pse tsc msr pae mce cx8 apic sep mtrr pge mca cmov pat pse36 clflush dts acpi mmx fxsr sse sse2 ss ht tm pbe syscall nx pdpe1gb rdtscp lm constant_tsc arch_perfmon pebs bts rep_good xtopology nonstop_tsc aperfmperf pni pclmulqdq dtes64 monitor ds_cpl vmx smx est tm2 ssse3 cx16 xtpr pdcm pcid dca sse4_1 sse4_2 x2apic popcnt aes lahf_lm ida arat dtherm pti retpoline tpr_shadow vnmi flexpriority ept vpid
bogomips	: 4788.34
clflush size	: 64
cache_alignment	: 64
address sizes	: 44 bits physical, 48 bits virtual
power management:

processor	: 61
vendor_id	: GenuineIntel
cpu family	: 6
model		: 47
model name	: Intel(R) Xeon(R) CPU E7- 4870  @ 2.40GHz
stepping	: 2
microcode	: 55
cpu MHz		: 2394.174
cache size	: 30720 KB
physical id	: 1
siblings	: 20
core id		: 16
cpu cores	: 10
apicid		: 97
initial apicid	: 97
fpu		: yes
fpu_exception	: yes
cpuid level	: 11
wp		: yes
flags		: fpu vme de pse tsc msr pae mce cx8 apic sep mtrr pge mca cmov pat pse36 clflush dts acpi mmx fxsr sse sse2 ss ht tm pbe syscall nx pdpe1gb rdtscp lm constant_tsc arch_perfmon pebs bts rep_good xtopology nonstop_tsc aperfmperf pni pclmulqdq dtes64 monitor ds_cpl vmx smx est tm2 ssse3 cx16 xtpr pdcm pcid dca sse4_1 sse4_2 x2apic popcnt aes lahf_lm ida arat dtherm pti retpoline tpr_shadow vnmi flexpriority ept vpid
bogomips	: 4787.89
clflush size	: 64
cache_alignment	: 64
address sizes	: 44 bits physical, 48 bits virtual
power management:

processor	: 62
vendor_id	: GenuineIntel
cpu family	: 6
model		: 47
model name	: Intel(R) Xeon(R) CPU E7- 4870  @ 2.40GHz
stepping	: 2
microcode	: 55
cpu MHz		: 2394.174
cache size	: 30720 KB
physical id	: 2
siblings	: 20
core id		: 16
cpu cores	: 10
apicid		: 161
initial apicid	: 161
fpu		: yes
fpu_exception	: yes
cpuid level	: 11
wp		: yes
flags		: fpu vme de pse tsc msr pae mce cx8 apic sep mtrr pge mca cmov pat pse36 clflush dts acpi mmx fxsr sse sse2 ss ht tm pbe syscall nx pdpe1gb rdtscp lm constant_tsc arch_perfmon pebs bts rep_good xtopology nonstop_tsc aperfmperf pni pclmulqdq dtes64 monitor ds_cpl vmx smx est tm2 ssse3 cx16 xtpr pdcm pcid dca sse4_1 sse4_2 x2apic popcnt aes lahf_lm ida arat dtherm pti retpoline tpr_shadow vnmi flexpriority ept vpid
bogomips	: 4787.88
clflush size	: 64
cache_alignment	: 64
address sizes	: 44 bits physical, 48 bits virtual
power management:

processor	: 63
vendor_id	: GenuineIntel
cpu family	: 6
model		: 47
model name	: Intel(R) Xeon(R) CPU E7- 4870  @ 2.40GHz
stepping	: 2
microcode	: 55
cpu MHz		: 2394.174
cache size	: 30720 KB
physical id	: 3
siblings	: 20
core id		: 16
cpu cores	: 10
apicid		: 225
initial apicid	: 225
fpu		: yes
fpu_exception	: yes
cpuid level	: 11
wp		: yes
flags		: fpu vme de pse tsc msr pae mce cx8 apic sep mtrr pge mca cmov pat pse36 clflush dts acpi mmx fxsr sse sse2 ss ht tm pbe syscall nx pdpe1gb rdtscp lm constant_tsc arch_perfmon pebs bts rep_good xtopology nonstop_tsc aperfmperf pni pclmulqdq dtes64 monitor ds_cpl vmx smx est tm2 ssse3 cx16 xtpr pdcm pcid dca sse4_1 sse4_2 x2apic popcnt aes lahf_lm ida arat dtherm pti retpoline tpr_shadow vnmi flexpriority ept vpid
bogomips	: 4787.88
clflush size	: 64
cache_alignment	: 64
address sizes	: 44 bits physical, 48 bits virtual
power management:

processor	: 64
vendor_id	: GenuineIntel
cpu family	: 6
model		: 47
model name	: Intel(R) Xeon(R) CPU E7- 4870  @ 2.40GHz
stepping	: 2
microcode	: 55
cpu MHz		: 2394.174
cache size	: 30720 KB
physical id	: 0
siblings	: 20
core id		: 17
cpu cores	: 10
apicid		: 35
initial apicid	: 35
fpu		: yes
fpu_exception	: yes
cpuid level	: 11
wp		: yes
flags		: fpu vme de pse tsc msr pae mce cx8 apic sep mtrr pge mca cmov pat pse36 clflush dts acpi mmx fxsr sse sse2 ss ht tm pbe syscall nx pdpe1gb rdtscp lm constant_tsc arch_perfmon pebs bts rep_good xtopology nonstop_tsc aperfmperf pni pclmulqdq dtes64 monitor ds_cpl vmx smx est tm2 ssse3 cx16 xtpr pdcm pcid dca sse4_1 sse4_2 x2apic popcnt aes lahf_lm ida arat dtherm pti retpoline tpr_shadow vnmi flexpriority ept vpid
bogomips	: 4788.34
clflush size	: 64
cache_alignment	: 64
address sizes	: 44 bits physical, 48 bits virtual
power management:

processor	: 65
vendor_id	: GenuineIntel
cpu family	: 6
model		: 47
model name	: Intel(R) Xeon(R) CPU E7- 4870  @ 2.40GHz
stepping	: 2
microcode	: 55
cpu MHz		: 2394.174
cache size	: 30720 KB
physical id	: 1
siblings	: 20
core id		: 17
cpu cores	: 10
apicid		: 99
initial apicid	: 99
fpu		: yes
fpu_exception	: yes
cpuid level	: 11
wp		: yes
flags		: fpu vme de pse tsc msr pae mce cx8 apic sep mtrr pge mca cmov pat pse36 clflush dts acpi mmx fxsr sse sse2 ss ht tm pbe syscall nx pdpe1gb rdtscp lm constant_tsc arch_perfmon pebs bts rep_good xtopology nonstop_tsc aperfmperf pni pclmulqdq dtes64 monitor ds_cpl vmx smx est tm2 ssse3 cx16 xtpr pdcm pcid dca sse4_1 sse4_2 x2apic popcnt aes lahf_lm ida arat dtherm pti retpoline tpr_shadow vnmi flexpriority ept vpid
bogomips	: 4787.89
clflush size	: 64
cache_alignment	: 64
address sizes	: 44 bits physical, 48 bits virtual
power management:

processor	: 66
vendor_id	: GenuineIntel
cpu family	: 6
model		: 47
model name	: Intel(R) Xeon(R) CPU E7- 4870  @ 2.40GHz
stepping	: 2
microcode	: 55
cpu MHz		: 2394.174
cache size	: 30720 KB
physical id	: 2
siblings	: 20
core id		: 17
cpu cores	: 10
apicid		: 163
initial apicid	: 163
fpu		: yes
fpu_exception	: yes
cpuid level	: 11
wp		: yes
flags		: fpu vme de pse tsc msr pae mce cx8 apic sep mtrr pge mca cmov pat pse36 clflush dts acpi mmx fxsr sse sse2 ss ht tm pbe syscall nx pdpe1gb rdtscp lm constant_tsc arch_perfmon pebs bts rep_good xtopology nonstop_tsc aperfmperf pni pclmulqdq dtes64 monitor ds_cpl vmx smx est tm2 ssse3 cx16 xtpr pdcm pcid dca sse4_1 sse4_2 x2apic popcnt aes lahf_lm ida arat dtherm pti retpoline tpr_shadow vnmi flexpriority ept vpid
bogomips	: 4787.88
clflush size	: 64
cache_alignment	: 64
address sizes	: 44 bits physical, 48 bits virtual
power management:

processor	: 67
vendor_id	: GenuineIntel
cpu family	: 6
model		: 47
model name	: Intel(R) Xeon(R) CPU E7- 4870  @ 2.40GHz
stepping	: 2
microcode	: 55
cpu MHz		: 2394.174
cache size	: 30720 KB
physical id	: 3
siblings	: 20
core id		: 17
cpu cores	: 10
apicid		: 227
initial apicid	: 227
fpu		: yes
fpu_exception	: yes
cpuid level	: 11
wp		: yes
flags		: fpu vme de pse tsc msr pae mce cx8 apic sep mtrr pge mca cmov pat pse36 clflush dts acpi mmx fxsr sse sse2 ss ht tm pbe syscall nx pdpe1gb rdtscp lm constant_tsc arch_perfmon pebs bts rep_good xtopology nonstop_tsc aperfmperf pni pclmulqdq dtes64 monitor ds_cpl vmx smx est tm2 ssse3 cx16 xtpr pdcm pcid dca sse4_1 sse4_2 x2apic popcnt aes lahf_lm ida arat dtherm pti retpoline tpr_shadow vnmi flexpriority ept vpid
bogomips	: 4787.88
clflush size	: 64
cache_alignment	: 64
address sizes	: 44 bits physical, 48 bits virtual
power management:

processor	: 68
vendor_id	: GenuineIntel
cpu family	: 6
model		: 47
model name	: Intel(R) Xeon(R) CPU E7- 4870  @ 2.40GHz
stepping	: 2
microcode	: 55
cpu MHz		: 2394.174
cache size	: 30720 KB
physical id	: 0
siblings	: 20
core id		: 18
cpu cores	: 10
apicid		: 37
initial apicid	: 37
fpu		: yes
fpu_exception	: yes
cpuid level	: 11
wp		: yes
flags		: fpu vme de pse tsc msr pae mce cx8 apic sep mtrr pge mca cmov pat pse36 clflush dts acpi mmx fxsr sse sse2 ss ht tm pbe syscall nx pdpe1gb rdtscp lm constant_tsc arch_perfmon pebs bts rep_good xtopology nonstop_tsc aperfmperf pni pclmulqdq dtes64 monitor ds_cpl vmx smx est tm2 ssse3 cx16 xtpr pdcm pcid dca sse4_1 sse4_2 x2apic popcnt aes lahf_lm ida arat dtherm pti retpoline tpr_shadow vnmi flexpriority ept vpid
bogomips	: 4788.34
clflush size	: 64
cache_alignment	: 64
address sizes	: 44 bits physical, 48 bits virtual
power management:

processor	: 69
vendor_id	: GenuineIntel
cpu family	: 6
model		: 47
model name	: Intel(R) Xeon(R) CPU E7- 4870  @ 2.40GHz
stepping	: 2
microcode	: 55
cpu MHz		: 2394.174
cache size	: 30720 KB
physical id	: 1
siblings	: 20
core id		: 18
cpu cores	: 10
apicid		: 101
initial apicid	: 101
fpu		: yes
fpu_exception	: yes
cpuid level	: 11
wp		: yes
flags		: fpu vme de pse tsc msr pae mce cx8 apic sep mtrr pge mca cmov pat pse36 clflush dts acpi mmx fxsr sse sse2 ss ht tm pbe syscall nx pdpe1gb rdtscp lm constant_tsc arch_perfmon pebs bts rep_good xtopology nonstop_tsc aperfmperf pni pclmulqdq dtes64 monitor ds_cpl vmx smx est tm2 ssse3 cx16 xtpr pdcm pcid dca sse4_1 sse4_2 x2apic popcnt aes lahf_lm ida arat dtherm pti retpoline tpr_shadow vnmi flexpriority ept vpid
bogomips	: 4787.89
clflush size	: 64
cache_alignment	: 64
address sizes	: 44 bits physical, 48 bits virtual
power management:

processor	: 70
vendor_id	: GenuineIntel
cpu family	: 6
model		: 47
model name	: Intel(R) Xeon(R) CPU E7- 4870  @ 2.40GHz
stepping	: 2
microcode	: 55
cpu MHz		: 2394.174
cache size	: 30720 KB
physical id	: 2
siblings	: 20
core id		: 18
cpu cores	: 10
apicid		: 165
initial apicid	: 165
fpu		: yes
fpu_exception	: yes
cpuid level	: 11
wp		: yes
flags		: fpu vme de pse tsc msr pae mce cx8 apic sep mtrr pge mca cmov pat pse36 clflush dts acpi mmx fxsr sse sse2 ss ht tm pbe syscall nx pdpe1gb rdtscp lm constant_tsc arch_perfmon pebs bts rep_good xtopology nonstop_tsc aperfmperf pni pclmulqdq dtes64 monitor ds_cpl vmx smx est tm2 ssse3 cx16 xtpr pdcm pcid dca sse4_1 sse4_2 x2apic popcnt aes lahf_lm ida arat dtherm pti retpoline tpr_shadow vnmi flexpriority ept vpid
bogomips	: 4787.88
clflush size	: 64
cache_alignment	: 64
address sizes	: 44 bits physical, 48 bits virtual
power management:

processor	: 71
vendor_id	: GenuineIntel
cpu family	: 6
model		: 47
model name	: Intel(R) Xeon(R) CPU E7- 4870  @ 2.40GHz
stepping	: 2
microcode	: 55
cpu MHz		: 2394.174
cache size	: 30720 KB
physical id	: 3
siblings	: 20
core id		: 18
cpu cores	: 10
apicid		: 229
initial apicid	: 229
fpu		: yes
fpu_exception	: yes
cpuid level	: 11
wp		: yes
flags		: fpu vme de pse tsc msr pae mce cx8 apic sep mtrr pge mca cmov pat pse36 clflush dts acpi mmx fxsr sse sse2 ss ht tm pbe syscall nx pdpe1gb rdtscp lm constant_tsc arch_perfmon pebs bts rep_good xtopology nonstop_tsc aperfmperf pni pclmulqdq dtes64 monitor ds_cpl vmx smx est tm2 ssse3 cx16 xtpr pdcm pcid dca sse4_1 sse4_2 x2apic popcnt aes lahf_lm ida arat dtherm pti retpoline tpr_shadow vnmi flexpriority ept vpid
bogomips	: 4787.88
clflush size	: 64
cache_alignment	: 64
address sizes	: 44 bits physical, 48 bits virtual
power management:

processor	: 72
vendor_id	: GenuineIntel
cpu family	: 6
model		: 47
model name	: Intel(R) Xeon(R) CPU E7- 4870  @ 2.40GHz
stepping	: 2
microcode	: 55
cpu MHz		: 2394.174
cache size	: 30720 KB
physical id	: 0
siblings	: 20
core id		: 24
cpu cores	: 10
apicid		: 49
initial apicid	: 49
fpu		: yes
fpu_exception	: yes
cpuid level	: 11
wp		: yes
flags		: fpu vme de pse tsc msr pae mce cx8 apic sep mtrr pge mca cmov pat pse36 clflush dts acpi mmx fxsr sse sse2 ss ht tm pbe syscall nx pdpe1gb rdtscp lm constant_tsc arch_perfmon pebs bts rep_good xtopology nonstop_tsc aperfmperf pni pclmulqdq dtes64 monitor ds_cpl vmx smx est tm2 ssse3 cx16 xtpr pdcm pcid dca sse4_1 sse4_2 x2apic popcnt aes lahf_lm ida arat dtherm pti retpoline tpr_shadow vnmi flexpriority ept vpid
bogomips	: 4788.34
clflush size	: 64
cache_alignment	: 64
address sizes	: 44 bits physical, 48 bits virtual
power management:

processor	: 73
vendor_id	: GenuineIntel
cpu family	: 6
model		: 47
model name	: Intel(R) Xeon(R) CPU E7- 4870  @ 2.40GHz
stepping	: 2
microcode	: 55
cpu MHz		: 2394.174
cache size	: 30720 KB
physical id	: 1
siblings	: 20
core id		: 24
cpu cores	: 10
apicid		: 113
initial apicid	: 113
fpu		: yes
fpu_exception	: yes
cpuid level	: 11
wp		: yes
flags		: fpu vme de pse tsc msr pae mce cx8 apic sep mtrr pge mca cmov pat pse36 clflush dts acpi mmx fxsr sse sse2 ss ht tm pbe syscall nx pdpe1gb rdtscp lm constant_tsc arch_perfmon pebs bts rep_good xtopology nonstop_tsc aperfmperf pni pclmulqdq dtes64 monitor ds_cpl vmx smx est tm2 ssse3 cx16 xtpr pdcm pcid dca sse4_1 sse4_2 x2apic popcnt aes lahf_lm ida arat dtherm pti retpoline tpr_shadow vnmi flexpriority ept vpid
bogomips	: 4787.89
clflush size	: 64
cache_alignment	: 64
address sizes	: 44 bits physical, 48 bits virtual
power management:

processor	: 74
vendor_id	: GenuineIntel
cpu family	: 6
model		: 47
model name	: Intel(R) Xeon(R) CPU E7- 4870  @ 2.40GHz
stepping	: 2
microcode	: 55
cpu MHz		: 2394.174
cache size	: 30720 KB
physical id	: 2
siblings	: 20
core id		: 24
cpu cores	: 10
apicid		: 177
initial apicid	: 177
fpu		: yes
fpu_exception	: yes
cpuid level	: 11
wp		: yes
flags		: fpu vme de pse tsc msr pae mce cx8 apic sep mtrr pge mca cmov pat pse36 clflush dts acpi mmx fxsr sse sse2 ss ht tm pbe syscall nx pdpe1gb rdtscp lm constant_tsc arch_perfmon pebs bts rep_good xtopology nonstop_tsc aperfmperf pni pclmulqdq dtes64 monitor ds_cpl vmx smx est tm2 ssse3 cx16 xtpr pdcm pcid dca sse4_1 sse4_2 x2apic popcnt aes lahf_lm ida arat dtherm pti retpoline tpr_shadow vnmi flexpriority ept vpid
bogomips	: 4787.88
clflush size	: 64
cache_alignment	: 64
address sizes	: 44 bits physical, 48 bits virtual
power management:

processor	: 75
vendor_id	: GenuineIntel
cpu family	: 6
model		: 47
model name	: Intel(R) Xeon(R) CPU E7- 4870  @ 2.40GHz
stepping	: 2
microcode	: 55
cpu MHz		: 2394.174
cache size	: 30720 KB
physical id	: 3
siblings	: 20
core id		: 24
cpu cores	: 10
apicid		: 241
initial apicid	: 241
fpu		: yes
fpu_exception	: yes
cpuid level	: 11
wp		: yes
flags		: fpu vme de pse tsc msr pae mce cx8 apic sep mtrr pge mca cmov pat pse36 clflush dts acpi mmx fxsr sse sse2 ss ht tm pbe syscall nx pdpe1gb rdtscp lm constant_tsc arch_perfmon pebs bts rep_good xtopology nonstop_tsc aperfmperf pni pclmulqdq dtes64 monitor ds_cpl vmx smx est tm2 ssse3 cx16 xtpr pdcm pcid dca sse4_1 sse4_2 x2apic popcnt aes lahf_lm ida arat dtherm pti retpoline tpr_shadow vnmi flexpriority ept vpid
bogomips	: 4787.88
clflush size	: 64
cache_alignment	: 64
address sizes	: 44 bits physical, 48 bits virtual
power management:

processor	: 76
vendor_id	: GenuineIntel
cpu family	: 6
model		: 47
model name	: Intel(R) Xeon(R) CPU E7- 4870  @ 2.40GHz
stepping	: 2
microcode	: 55
cpu MHz		: 2394.174
cache size	: 30720 KB
physical id	: 0
siblings	: 20
core id		: 25
cpu cores	: 10
apicid		: 51
initial apicid	: 51
fpu		: yes
fpu_exception	: yes
cpuid level	: 11
wp		: yes
flags		: fpu vme de pse tsc msr pae mce cx8 apic sep mtrr pge mca cmov pat pse36 clflush dts acpi mmx fxsr sse sse2 ss ht tm pbe syscall nx pdpe1gb rdtscp lm constant_tsc arch_perfmon pebs bts rep_good xtopology nonstop_tsc aperfmperf pni pclmulqdq dtes64 monitor ds_cpl vmx smx est tm2 ssse3 cx16 xtpr pdcm pcid dca sse4_1 sse4_2 x2apic popcnt aes lahf_lm ida arat dtherm pti retpoline tpr_shadow vnmi flexpriority ept vpid
bogomips	: 4788.34
clflush size	: 64
cache_alignment	: 64
address sizes	: 44 bits physical, 48 bits virtual
power management:

processor	: 77
vendor_id	: GenuineIntel
cpu family	: 6
model		: 47
model name	: Intel(R) Xeon(R) CPU E7- 4870  @ 2.40GHz
stepping	: 2
microcode	: 55
cpu MHz		: 2394.174
cache size	: 30720 KB
physical id	: 1
siblings	: 20
core id		: 25
cpu cores	: 10
apicid		: 115
initial apicid	: 115
fpu		: yes
fpu_exception	: yes
cpuid level	: 11
wp		: yes
flags		: fpu vme de pse tsc msr pae mce cx8 apic sep mtrr pge mca cmov pat pse36 clflush dts acpi mmx fxsr sse sse2 ss ht tm pbe syscall nx pdpe1gb rdtscp lm constant_tsc arch_perfmon pebs bts rep_good xtopology nonstop_tsc aperfmperf pni pclmulqdq dtes64 monitor ds_cpl vmx smx est tm2 ssse3 cx16 xtpr pdcm pcid dca sse4_1 sse4_2 x2apic popcnt aes lahf_lm ida arat dtherm pti retpoline tpr_shadow vnmi flexpriority ept vpid
bogomips	: 4787.89
clflush size	: 64
cache_alignment	: 64
address sizes	: 44 bits physical, 48 bits virtual
power management:

processor	: 78
vendor_id	: GenuineIntel
cpu family	: 6
model		: 47
model name	: Intel(R) Xeon(R) CPU E7- 4870  @ 2.40GHz
stepping	: 2
microcode	: 55
cpu MHz		: 2394.174
cache size	: 30720 KB
physical id	: 2
siblings	: 20
core id		: 25
cpu cores	: 10
apicid		: 179
initial apicid	: 179
fpu		: yes
fpu_exception	: yes
cpuid level	: 11
wp		: yes
flags		: fpu vme de pse tsc msr pae mce cx8 apic sep mtrr pge mca cmov pat pse36 clflush dts acpi mmx fxsr sse sse2 ss ht tm pbe syscall nx pdpe1gb rdtscp lm constant_tsc arch_perfmon pebs bts rep_good xtopology nonstop_tsc aperfmperf pni pclmulqdq dtes64 monitor ds_cpl vmx smx est tm2 ssse3 cx16 xtpr pdcm pcid dca sse4_1 sse4_2 x2apic popcnt aes lahf_lm ida arat dtherm pti retpoline tpr_shadow vnmi flexpriority ept vpid
bogomips	: 4787.88
clflush size	: 64
cache_alignment	: 64
address sizes	: 44 bits physical, 48 bits virtual
power management:

processor	: 79
vendor_id	: GenuineIntel
cpu family	: 6
model		: 47
model name	: Intel(R) Xeon(R) CPU E7- 4870  @ 2.40GHz
stepping	: 2
microcode	: 55
cpu MHz		: 2394.174
cache size	: 30720 KB
physical id	: 3
siblings	: 20
core id		: 25
cpu cores	: 10
apicid		: 243
initial apicid	: 243
fpu		: yes
fpu_exception	: yes
cpuid level	: 11
wp		: yes
flags		: fpu vme de pse tsc msr pae mce cx8 apic sep mtrr pge mca cmov pat pse36 clflush dts acpi mmx fxsr sse sse2 ss ht tm pbe syscall nx pdpe1gb rdtscp lm constant_tsc arch_perfmon pebs bts rep_good xtopology nonstop_tsc aperfmperf pni pclmulqdq dtes64 monitor ds_cpl vmx smx est tm2 ssse3 cx16 xtpr pdcm pcid dca sse4_1 sse4_2 x2apic popcnt aes lahf_lm ida arat dtherm pti retpoline tpr_shadow vnmi flexpriority ept vpid
bogomips	: 4787.88
clflush size	: 64
cache_alignment	: 64
address sizes	: 44 bits physical, 48 bits virtual
power management:



Memory: 4k page, physical 132138524k(42993592k free), swap 134381564k(118336980k free)

vm_info: Java HotSpot(TM) 64-Bit Server VM (25.192-b12) for linux-amd64 JRE (1.8.0_192-b12), built on Oct  6 2018 06:46:09 by "java_re" with gcc 7.3.0

time: Wed Nov 14 19:19:56 2018
timezone: EST
elapsed time: 0 seconds (0d 0h 0m 0s)

